{
  "stats": {
    "suites": 8,
    "tests": 49,
    "passes": 49,
    "pending": 0,
    "failures": 0,
    "start": "2022-04-24T22:03:00.178Z",
    "end": "2022-04-24T22:03:00.753Z",
    "duration": 575,
    "testsRegistered": 49,
    "passPercent": 100,
    "pendingPercent": 0,
    "other": 0,
    "hasOther": false,
    "skipped": 0,
    "hasSkipped": false
  },
  "results": [
    {
      "uuid": "7a42acdb-3e48-4ae6-8a1f-43899fa47bb6",
      "title": "",
      "fullFile": "/home/school/api/test/test.js",
      "file": "/test/test.js",
      "beforeHooks": [],
      "afterHooks": [],
      "tests": [],
      "suites": [
        {
          "uuid": "60e28f19-70dc-4faf-9538-3c6d9fd4eac6",
          "title": "API",
          "fullFile": "/home/school/api/test/test.js",
          "file": "/test/test.js",
          "beforeHooks": [
            {
              "title": "\"before all\" hook in \"API\"",
              "fullTitle": "API \"before all\" hook in \"API\"",
              "timedOut": false,
              "duration": 33,
              "state": null,
              "speed": null,
              "pass": false,
              "fail": false,
              "pending": false,
              "context": null,
              "code": "mongoose.connect(URI_TEST, done)",
              "err": {},
              "uuid": "bf655cbb-b5e5-401a-8a43-f80596d57653",
              "parentUUID": "60e28f19-70dc-4faf-9538-3c6d9fd4eac6",
              "isHook": true,
              "skipped": false
            }
          ],
          "afterHooks": [],
          "tests": [],
          "suites": [
            {
              "uuid": "a1cd2288-44ed-4311-a4ab-f4053c500371",
              "title": "/Register",
              "fullFile": "/home/school/api/test/test.js",
              "file": "/test/test.js",
              "beforeHooks": [],
              "afterHooks": [
                {
                  "title": "\"after each\" hook in \"/Register\"",
                  "fullTitle": "API /Register \"after each\" hook in \"/Register\"",
                  "timedOut": false,
                  "duration": 1,
                  "state": null,
                  "speed": null,
                  "pass": false,
                  "fail": false,
                  "pending": false,
                  "context": null,
                  "code": "await User.deleteMany({});",
                  "err": {},
                  "uuid": "69ce1cdf-ba46-4bda-a5e5-d1df8ac13534",
                  "parentUUID": "a1cd2288-44ed-4311-a4ab-f4053c500371",
                  "isHook": true,
                  "skipped": false
                }
              ],
              "tests": [
                {
                  "title": "[1]- Register",
                  "fullTitle": "API /Register [1]- Register",
                  "timedOut": false,
                  "duration": 72,
                  "state": "passed",
                  "speed": "medium",
                  "pass": true,
                  "fail": false,
                  "pending": false,
                  "context": null,
                  "code": "request.auth('/register', hooks.user).then(function(res){\n    expect(res.status).to.equal(201);\n    done();\n}).catch(function(err){ done(err); });",
                  "err": {},
                  "uuid": "7fea37a9-4d8e-4e42-96df-5ad303d4e50f",
                  "parentUUID": "a1cd2288-44ed-4311-a4ab-f4053c500371",
                  "isHook": false,
                  "skipped": false
                },
                {
                  "title": "[2]- Invalid Schema",
                  "fullTitle": "API /Register [2]- Invalid Schema",
                  "timedOut": false,
                  "duration": 3,
                  "state": "passed",
                  "speed": "fast",
                  "pass": true,
                  "fail": false,
                  "pending": false,
                  "context": null,
                  "code": "request.auth('/register', {}).then(function(res){\n    expect(res.status).to.equal(406);\n    done();\n}).catch(function(err){ done(err); });",
                  "err": {},
                  "uuid": "95da2ab3-e97c-4e36-a324-bb409dd31c82",
                  "parentUUID": "a1cd2288-44ed-4311-a4ab-f4053c500371",
                  "isHook": false,
                  "skipped": false
                },
                {
                  "title": "[3]- Invalid Password Pattern",
                  "fullTitle": "API /Register [3]- Invalid Password Pattern",
                  "timedOut": false,
                  "duration": 3,
                  "state": "passed",
                  "speed": "fast",
                  "pass": true,
                  "fail": false,
                  "pending": false,
                  "context": null,
                  "code": "request.auth('/register', {\n    firstName: hooks.user.firstName,\n    lastName: hooks.user.lastName,\n    email: hooks.user.email,\n    password: \"abcdef1\"\n}).then(function(res){\n    expect(res.status).to.equal(406);\n    done();\n}).catch(function(err){ done(err); });",
                  "err": {},
                  "uuid": "f8fb7d53-1566-4d32-96f4-ce78aa5e7357",
                  "parentUUID": "a1cd2288-44ed-4311-a4ab-f4053c500371",
                  "isHook": false,
                  "skipped": false
                },
                {
                  "title": "[4]- Invalid Email Pattern",
                  "fullTitle": "API /Register [4]- Invalid Email Pattern",
                  "timedOut": false,
                  "duration": 3,
                  "state": "passed",
                  "speed": "fast",
                  "pass": true,
                  "fail": false,
                  "pending": false,
                  "context": null,
                  "code": "request.auth('/register', {\n    firstName: hooks.user.firstName,\n    lastName: hooks.user.lastName,\n    email: 'abcdef',\n    password: hooks.user.password\n}).then(function(res){\n    expect(res.status).to.equal(406);\n    done();\n}).catch(function(err){ done(err); });",
                  "err": {},
                  "uuid": "6bd4daf5-6f3a-4312-b1bd-301e60973d11",
                  "parentUUID": "a1cd2288-44ed-4311-a4ab-f4053c500371",
                  "isHook": false,
                  "skipped": false
                },
                {
                  "title": "[4]- Invalid First Name Pattern",
                  "fullTitle": "API /Register [4]- Invalid First Name Pattern",
                  "timedOut": false,
                  "duration": 2,
                  "state": "passed",
                  "speed": "fast",
                  "pass": true,
                  "fail": false,
                  "pending": false,
                  "context": null,
                  "code": "request.auth('/register', {\n    firstName: \"abc123\",\n    lastName: hooks.user.lastName,\n    email: hooks.user.email,\n    password: hooks.user.password\n}).then(function(res){\n    expect(res.status).to.equal(406);\n    done();\n}).catch(function(err){ done(err); });",
                  "err": {},
                  "uuid": "435485f6-d864-449f-a8ea-b4771336aeb4",
                  "parentUUID": "a1cd2288-44ed-4311-a4ab-f4053c500371",
                  "isHook": false,
                  "skipped": false
                },
                {
                  "title": "[5]- Invalid Last Name Pattern",
                  "fullTitle": "API /Register [5]- Invalid Last Name Pattern",
                  "timedOut": false,
                  "duration": 2,
                  "state": "passed",
                  "speed": "fast",
                  "pass": true,
                  "fail": false,
                  "pending": false,
                  "context": null,
                  "code": "request.auth('/register', {\n    firstName: hooks.user.firstName,\n    lastName: \"abc123\",\n    email: hooks.user.email,\n    password: hooks.user.password\n}).then(function(res){\n    expect(res.status).to.equal(406);\n    done();\n}).catch(function(err){ done(err); });",
                  "err": {},
                  "uuid": "6aee19b4-3421-4fed-838b-ffe66c5ef6e8",
                  "parentUUID": "a1cd2288-44ed-4311-a4ab-f4053c500371",
                  "isHook": false,
                  "skipped": false
                }
              ],
              "suites": [],
              "passes": [
                "7fea37a9-4d8e-4e42-96df-5ad303d4e50f",
                "95da2ab3-e97c-4e36-a324-bb409dd31c82",
                "f8fb7d53-1566-4d32-96f4-ce78aa5e7357",
                "6bd4daf5-6f3a-4312-b1bd-301e60973d11",
                "435485f6-d864-449f-a8ea-b4771336aeb4",
                "6aee19b4-3421-4fed-838b-ffe66c5ef6e8"
              ],
              "failures": [],
              "pending": [],
              "skipped": [],
              "duration": 85,
              "root": false,
              "rootEmpty": false,
              "_timeout": 2000
            },
            {
              "uuid": "9b3ec388-206b-43c4-ae3f-a55c96158da8",
              "title": "/Login",
              "fullFile": "/home/school/api/test/test.js",
              "file": "/test/test.js",
              "beforeHooks": [
                {
                  "title": "\"before all\" hook in \"/Login\"",
                  "fullTitle": "API /Login \"before all\" hook in \"/Login\"",
                  "timedOut": false,
                  "duration": 1,
                  "state": null,
                  "speed": null,
                  "pass": false,
                  "fail": false,
                  "pending": false,
                  "context": null,
                  "code": "request.auth('/register', hooks.user).then();",
                  "err": {},
                  "uuid": "8f9c0492-8c7e-4f28-85ac-a21d612bac34",
                  "parentUUID": "9b3ec388-206b-43c4-ae3f-a55c96158da8",
                  "isHook": true,
                  "skipped": false
                }
              ],
              "afterHooks": [
                {
                  "title": "\"after all\" hook in \"/Login\"",
                  "fullTitle": "API /Login \"after all\" hook in \"/Login\"",
                  "timedOut": false,
                  "duration": 2,
                  "state": null,
                  "speed": null,
                  "pass": false,
                  "fail": false,
                  "pending": false,
                  "context": null,
                  "code": "await User.deleteMany({});",
                  "err": {},
                  "uuid": "ac624b19-bd69-4dc8-806b-cbe730580638",
                  "parentUUID": "9b3ec388-206b-43c4-ae3f-a55c96158da8",
                  "isHook": true,
                  "skipped": false
                }
              ],
              "tests": [
                {
                  "title": "[1]- Login",
                  "fullTitle": "API /Login [1]- Login",
                  "timedOut": false,
                  "duration": 37,
                  "state": "passed",
                  "speed": "fast",
                  "pass": true,
                  "fail": false,
                  "pending": false,
                  "context": null,
                  "code": "request.auth('/login', {\n    email: hooks.user.email,\n    password: hooks.user.password\n}).then(function(res){\n    expect(res.status).to.equal(202);\n    done();\n}).catch(function(err){ done(err); });",
                  "err": {},
                  "uuid": "570fa80f-8590-4646-afd1-b04e305bc880",
                  "parentUUID": "9b3ec388-206b-43c4-ae3f-a55c96158da8",
                  "isHook": false,
                  "skipped": false
                },
                {
                  "title": "[2]- Empty Schema",
                  "fullTitle": "API /Login [2]- Empty Schema",
                  "timedOut": false,
                  "duration": 2,
                  "state": "passed",
                  "speed": "fast",
                  "pass": true,
                  "fail": false,
                  "pending": false,
                  "context": null,
                  "code": "request.auth('/login', {}).then(function(res){\n    expect(res.status).to.equal(406);\n    done();\n}).catch(function(err){ done(err); });",
                  "err": {},
                  "uuid": "48940d45-7702-493c-ba5e-683e84c19da4",
                  "parentUUID": "9b3ec388-206b-43c4-ae3f-a55c96158da8",
                  "isHook": false,
                  "skipped": false
                },
                {
                  "title": "[3]- Invalid Login",
                  "fullTitle": "API /Login [3]- Invalid Login",
                  "timedOut": false,
                  "duration": 3,
                  "state": "passed",
                  "speed": "fast",
                  "pass": true,
                  "fail": false,
                  "pending": false,
                  "context": null,
                  "code": "request.auth('/login', {\n    email: '123@123.com',\n    password: hooks.user.password\n}).then(function(res){\n    expect(res.status).to.equal(409);\n    done();\n}).catch(function(err){ done(err); });",
                  "err": {},
                  "uuid": "ee2f2e8d-f8ef-4062-9dbe-737ac8d550b8",
                  "parentUUID": "9b3ec388-206b-43c4-ae3f-a55c96158da8",
                  "isHook": false,
                  "skipped": false
                },
                {
                  "title": "[4]- Invalid Fields",
                  "fullTitle": "API /Login [4]- Invalid Fields",
                  "timedOut": false,
                  "duration": 3,
                  "state": "passed",
                  "speed": "fast",
                  "pass": true,
                  "fail": false,
                  "pending": false,
                  "context": null,
                  "code": "request.auth('/login', {\n    firstName: hooks.user.firstName,\n    email: hooks.user.email,\n    password: hooks.user.password,\n}).then(function(res){\n    expect(res.status).to.equal(406);\n    done();\n}).catch(function(err){ done(err); });",
                  "err": {},
                  "uuid": "b60307c5-9f0e-45b3-94c7-a2a61854ad17",
                  "parentUUID": "9b3ec388-206b-43c4-ae3f-a55c96158da8",
                  "isHook": false,
                  "skipped": false
                }
              ],
              "suites": [],
              "passes": [
                "570fa80f-8590-4646-afd1-b04e305bc880",
                "48940d45-7702-493c-ba5e-683e84c19da4",
                "ee2f2e8d-f8ef-4062-9dbe-737ac8d550b8",
                "b60307c5-9f0e-45b3-94c7-a2a61854ad17"
              ],
              "failures": [],
              "pending": [],
              "skipped": [],
              "duration": 45,
              "root": false,
              "rootEmpty": false,
              "_timeout": 2000
            },
            {
              "uuid": "54c0bd3d-286e-4521-b7c4-874db0c608fc",
              "title": "/Module",
              "fullFile": "/home/school/api/test/test.js",
              "file": "/test/test.js",
              "beforeHooks": [
                {
                  "title": "\"before all\" hook in \"/Module\"",
                  "fullTitle": "API /Module \"before all\" hook in \"/Module\"",
                  "timedOut": false,
                  "duration": 18,
                  "state": null,
                  "speed": null,
                  "pass": false,
                  "fail": false,
                  "pending": false,
                  "context": null,
                  "code": "await request.auth('/register', hooks.user).then(function(res){\n    token = res.body.token;\n});",
                  "err": {},
                  "uuid": "debfcdbc-022c-4047-8a09-e4688db64630",
                  "parentUUID": "54c0bd3d-286e-4521-b7c4-874db0c608fc",
                  "isHook": true,
                  "skipped": false
                }
              ],
              "afterHooks": [
                {
                  "title": "\"after all\" hook in \"/Module\"",
                  "fullTitle": "API /Module \"after all\" hook in \"/Module\"",
                  "timedOut": false,
                  "duration": 3,
                  "state": null,
                  "speed": null,
                  "pass": false,
                  "fail": false,
                  "pending": false,
                  "context": null,
                  "code": "await User.deleteMany({});\nawait Module.deleteMany({});\nawait Uf.deleteMany({});",
                  "err": {},
                  "uuid": "fe57c91a-dcf0-459c-a4b6-06010fd58d47",
                  "parentUUID": "54c0bd3d-286e-4521-b7c4-874db0c608fc",
                  "isHook": true,
                  "skipped": false
                }
              ],
              "tests": [
                {
                  "title": "[1]- Create Module",
                  "fullTitle": "API /Module [1]- Create Module",
                  "timedOut": false,
                  "duration": 10,
                  "state": "passed",
                  "speed": "fast",
                  "pass": true,
                  "fail": false,
                  "pending": false,
                  "context": null,
                  "code": "request.post('/module', token, hooks.module).then(function(res){\n    expect(res.status).to.equal(201);\n    module_id = res.body.body._id;\n    done();\n\n}).catch(function(err){ done(err); });",
                  "err": {},
                  "uuid": "050eb905-2e40-451b-933b-9babf643cfa6",
                  "parentUUID": "54c0bd3d-286e-4521-b7c4-874db0c608fc",
                  "isHook": false,
                  "skipped": false
                },
                {
                  "title": "[2]- Create Module Unauthorized",
                  "fullTitle": "API /Module [2]- Create Module Unauthorized",
                  "timedOut": false,
                  "duration": 2,
                  "state": "passed",
                  "speed": "fast",
                  "pass": true,
                  "fail": false,
                  "pending": false,
                  "context": null,
                  "code": "request.post('/module', token + \"00\", hooks.module).then(function(res){\n    expect(res.status).to.equal(401);\n    done();\n\n}).catch(function(err){ done(err); });",
                  "err": {},
                  "uuid": "aabab742-ffe8-4caa-9637-74374804e103",
                  "parentUUID": "54c0bd3d-286e-4521-b7c4-874db0c608fc",
                  "isHook": false,
                  "skipped": false
                },
                {
                  "title": "[3]- Invalid Schema",
                  "fullTitle": "API /Module [3]- Invalid Schema",
                  "timedOut": false,
                  "duration": 4,
                  "state": "passed",
                  "speed": "fast",
                  "pass": true,
                  "fail": false,
                  "pending": false,
                  "context": null,
                  "code": "request.post('/module', token, {}).then(function(res){\n    expect(res.status).to.equal(406);\n    done();\n\n}).catch(function(err){ done(err); });",
                  "err": {},
                  "uuid": "7bc6b161-0cec-439e-8d77-dae0242b4562",
                  "parentUUID": "54c0bd3d-286e-4521-b7c4-874db0c608fc",
                  "isHook": false,
                  "skipped": false
                },
                {
                  "title": "[4]- Get Module",
                  "fullTitle": "API /Module [4]- Get Module",
                  "timedOut": false,
                  "duration": 7,
                  "state": "passed",
                  "speed": "fast",
                  "pass": true,
                  "fail": false,
                  "pending": false,
                  "context": null,
                  "code": "request.get(`/module/${module_id}`, token).then(function(res){\n    expect(res.status).to.equal(200);\n    done();\n}).catch(function(err){ done(err); });",
                  "err": {},
                  "uuid": "08b319da-38db-49f6-b9de-fcdb7910a6e4",
                  "parentUUID": "54c0bd3d-286e-4521-b7c4-874db0c608fc",
                  "isHook": false,
                  "skipped": false
                },
                {
                  "title": "[5]- Update Module",
                  "fullTitle": "API /Module [5]- Update Module",
                  "timedOut": false,
                  "duration": 11,
                  "state": "passed",
                  "speed": "fast",
                  "pass": true,
                  "fail": false,
                  "pending": false,
                  "context": null,
                  "code": "request.edit(`/module/${module_id}`, token, {\n    name: \"Edited\",\n    color: hooks.module.color\n}).then(function(res){\n    expect(res.body.body.name).to.equal(\"Edited\");\n    expect(res.status).to.equal(200);\n    done();\n}).catch(function(err){ done(err); });",
                  "err": {},
                  "uuid": "9555a535-b555-4443-ad0d-7e016d88c08d",
                  "parentUUID": "54c0bd3d-286e-4521-b7c4-874db0c608fc",
                  "isHook": false,
                  "skipped": false
                },
                {
                  "title": "[6]- Invalid Update Module",
                  "fullTitle": "API /Module [6]- Invalid Update Module",
                  "timedOut": false,
                  "duration": 4,
                  "state": "passed",
                  "speed": "fast",
                  "pass": true,
                  "fail": false,
                  "pending": false,
                  "context": null,
                  "code": "request.edit(`/module/${module_id}`, token, {\n    name: \"\",\n    color: hooks.module.color\n}).then(function(res){\n    expect(res.status).to.equal(406);\n    done();\n}).catch(function(err){ done(err); });",
                  "err": {},
                  "uuid": "09be7658-5339-45d5-82fe-6b74ae2aa174",
                  "parentUUID": "54c0bd3d-286e-4521-b7c4-874db0c608fc",
                  "isHook": false,
                  "skipped": false
                },
                {
                  "title": "[7]- Get UFs From Modules",
                  "fullTitle": "API /Module [7]- Get UFs From Modules",
                  "timedOut": false,
                  "duration": 7,
                  "state": "passed",
                  "speed": "fast",
                  "pass": true,
                  "fail": false,
                  "pending": false,
                  "context": null,
                  "code": "request.get(`/module/all/ufs`, token).then(function(res){\n    expect(res.status).to.equal(200);\n    expect(res.body.body[0]._id).to.equal(module_id);\n    //expect(res.body.body[0]._id).to.equal(uf.moduleId);\n    //expect(res.body.body[0].ufs[0]._id).to.equal(uf_id);\n    done();\n}).catch(function(err){ done(err); });",
                  "err": {},
                  "uuid": "6da1ea71-df6a-409d-8449-b1c19c619ff5",
                  "parentUUID": "54c0bd3d-286e-4521-b7c4-874db0c608fc",
                  "isHook": false,
                  "skipped": false
                },
                {
                  "title": "[8]- Archive Module",
                  "fullTitle": "API /Module [8]- Archive Module",
                  "timedOut": false,
                  "duration": 12,
                  "state": "passed",
                  "speed": "fast",
                  "pass": true,
                  "fail": false,
                  "pending": false,
                  "context": null,
                  "code": "request.edit(`/module/${module_id}/archive`, token, { archived: true }).then(function(res){\n    expect(res.body.body.archived).to.equal(true);\n    expect(res.status).to.equal(200);\n    done();\n}).catch(function(err){ done(err); });",
                  "err": {},
                  "uuid": "ee57b09c-c37a-4451-9b84-caac3c6aa966",
                  "parentUUID": "54c0bd3d-286e-4521-b7c4-874db0c608fc",
                  "isHook": false,
                  "skipped": false
                },
                {
                  "title": "[9]- Get Archived Modules",
                  "fullTitle": "API /Module [9]- Get Archived Modules",
                  "timedOut": false,
                  "duration": 4,
                  "state": "passed",
                  "speed": "fast",
                  "pass": true,
                  "fail": false,
                  "pending": false,
                  "context": null,
                  "code": "request.get(`/module/all/archived`, token).then(function(res){\n    expect(res.status).to.equal(200);\n    done();\n}).catch(function(err){ done(err); });",
                  "err": {},
                  "uuid": "4d26242b-6911-4234-a545-a3f8bf0ba7df",
                  "parentUUID": "54c0bd3d-286e-4521-b7c4-874db0c608fc",
                  "isHook": false,
                  "skipped": false
                }
              ],
              "suites": [],
              "passes": [
                "050eb905-2e40-451b-933b-9babf643cfa6",
                "aabab742-ffe8-4caa-9637-74374804e103",
                "7bc6b161-0cec-439e-8d77-dae0242b4562",
                "08b319da-38db-49f6-b9de-fcdb7910a6e4",
                "9555a535-b555-4443-ad0d-7e016d88c08d",
                "09be7658-5339-45d5-82fe-6b74ae2aa174",
                "6da1ea71-df6a-409d-8449-b1c19c619ff5",
                "ee57b09c-c37a-4451-9b84-caac3c6aa966",
                "4d26242b-6911-4234-a545-a3f8bf0ba7df"
              ],
              "failures": [],
              "pending": [],
              "skipped": [],
              "duration": 61,
              "root": false,
              "rootEmpty": false,
              "_timeout": 2000
            },
            {
              "uuid": "6016e30e-1d66-41bf-b37e-badca20dd7e2",
              "title": "/Uf",
              "fullFile": "/home/school/api/test/test.js",
              "file": "/test/test.js",
              "beforeHooks": [
                {
                  "title": "\"before all\" hook in \"/Uf\"",
                  "fullTitle": "API /Uf \"before all\" hook in \"/Uf\"",
                  "timedOut": false,
                  "duration": 24,
                  "state": null,
                  "speed": null,
                  "pass": false,
                  "fail": false,
                  "pending": false,
                  "context": null,
                  "code": "await request.auth('/register', hooks.user).then(function (res) {\n    token = res.body.token;\n});\nawait request.post('/module', token, hooks.module).then(function (res) {\n    uf.moduleId = res.body.body._id;\n});",
                  "err": {},
                  "uuid": "4520f8bc-f4ad-421a-880a-0e27ab26aa2e",
                  "parentUUID": "6016e30e-1d66-41bf-b37e-badca20dd7e2",
                  "isHook": true,
                  "skipped": false
                }
              ],
              "afterHooks": [
                {
                  "title": "\"after all\" hook in \"/Uf\"",
                  "fullTitle": "API /Uf \"after all\" hook in \"/Uf\"",
                  "timedOut": false,
                  "duration": 2,
                  "state": null,
                  "speed": null,
                  "pass": false,
                  "fail": false,
                  "pending": false,
                  "context": null,
                  "code": "await User.deleteMany({});\nawait Module.deleteMany({});\nawait Uf.deleteMany({});",
                  "err": {},
                  "uuid": "eb5c03ad-6b01-4121-820a-3c30de31f61d",
                  "parentUUID": "6016e30e-1d66-41bf-b37e-badca20dd7e2",
                  "isHook": true,
                  "skipped": false
                }
              ],
              "tests": [
                {
                  "title": "[1]- Create UF",
                  "fullTitle": "API /Uf [1]- Create UF",
                  "timedOut": false,
                  "duration": 11,
                  "state": "passed",
                  "speed": "fast",
                  "pass": true,
                  "fail": false,
                  "pending": false,
                  "context": null,
                  "code": "console.log(uf);\nrequest.post('/uf/create', token, uf).then(function (res) {\n    expect(res.status).to.equal(201);\n    uf_id = res.body.body._id;\n    done();\n}).catch(function (err) { done(err); });",
                  "err": {},
                  "uuid": "28d7bd07-a54f-4b19-af2b-1c41d6281112",
                  "parentUUID": "6016e30e-1d66-41bf-b37e-badca20dd7e2",
                  "isHook": false,
                  "skipped": false
                },
                {
                  "title": "[2]- Create UF Unauthorized",
                  "fullTitle": "API /Uf [2]- Create UF Unauthorized",
                  "timedOut": false,
                  "duration": 1,
                  "state": "passed",
                  "speed": "fast",
                  "pass": true,
                  "fail": false,
                  "pending": false,
                  "context": null,
                  "code": "request.post('/uf/create', {}, uf).then(function (res) {\n    expect(res.status).to.equal(401);\n    done();\n}).catch(function (err) { done(err); });",
                  "err": {},
                  "uuid": "c5336e7c-eb07-48e7-b946-78f2e6b2fd7c",
                  "parentUUID": "6016e30e-1d66-41bf-b37e-badca20dd7e2",
                  "isHook": false,
                  "skipped": false
                },
                {
                  "title": "[3]- Invalid UF Schema ",
                  "fullTitle": "API /Uf [3]- Invalid UF Schema ",
                  "timedOut": false,
                  "duration": 3,
                  "state": "passed",
                  "speed": "fast",
                  "pass": true,
                  "fail": false,
                  "pending": false,
                  "context": null,
                  "code": "request.post('/uf/create', token, {}).then(function (res) {\n    expect(res.status).to.equal(406);\n    done();\n}).catch(function (err) { done(err); });",
                  "err": {},
                  "uuid": "c04a8a58-876e-4071-8d0f-013ed532fc2f",
                  "parentUUID": "6016e30e-1d66-41bf-b37e-badca20dd7e2",
                  "isHook": false,
                  "skipped": false
                },
                {
                  "title": "[4]- Update UF",
                  "fullTitle": "API /Uf [4]- Update UF",
                  "timedOut": false,
                  "duration": 11,
                  "state": "passed",
                  "speed": "fast",
                  "pass": true,
                  "fail": false,
                  "pending": false,
                  "context": null,
                  "code": "uf.name = \"Edited\"\nrequest.edit(`/uf/${uf_id}/edit`, token, uf).then(function (res) {\n    expect(res.body.body.name).to.equal(\"Edited\");\n    expect(res.status).to.equal(200);\n    done();\n}).catch(function (err) { done(err); });",
                  "err": {},
                  "uuid": "e884a18b-09a4-48a4-902a-9d9175a54e7c",
                  "parentUUID": "6016e30e-1d66-41bf-b37e-badca20dd7e2",
                  "isHook": false,
                  "skipped": false
                },
                {
                  "title": "[5]- Get UF",
                  "fullTitle": "API /Uf [5]- Get UF",
                  "timedOut": false,
                  "duration": 10,
                  "state": "passed",
                  "speed": "fast",
                  "pass": true,
                  "fail": false,
                  "pending": false,
                  "context": null,
                  "code": "request.get(`/uf/${uf_id}`, token, uf).then(function (res) {\n    expect(res.status).to.equal(200);\n    done();\n}).catch(function (err) { done(err); });",
                  "err": {},
                  "uuid": "f7ad5bfb-d786-43ef-88cf-ae3b8cffc212",
                  "parentUUID": "6016e30e-1d66-41bf-b37e-badca20dd7e2",
                  "isHook": false,
                  "skipped": false
                },
                {
                  "title": "[6]- Get Invalid UF",
                  "fullTitle": "API /Uf [6]- Get Invalid UF",
                  "timedOut": false,
                  "duration": 4,
                  "state": "passed",
                  "speed": "fast",
                  "pass": true,
                  "fail": false,
                  "pending": false,
                  "context": null,
                  "code": "request.get(`/uf/${uf_id + \"0\"}`, token, uf).then(function (res) {\n    expect(res.status).to.equal(404);\n    done();\n}).catch(function (err) { done(err); });",
                  "err": {},
                  "uuid": "37bfd96a-d9bc-4054-b208-625c213fa02a",
                  "parentUUID": "6016e30e-1d66-41bf-b37e-badca20dd7e2",
                  "isHook": false,
                  "skipped": false
                },
                {
                  "title": "[7]- Create UF - Invalid Module",
                  "fullTitle": "API /Uf [7]- Create UF - Invalid Module",
                  "timedOut": false,
                  "duration": 4,
                  "state": "passed",
                  "speed": "fast",
                  "pass": true,
                  "fail": false,
                  "pending": false,
                  "context": null,
                  "code": "uf.moduleId = \"62575d1ddc2246861a6998e9\";\nrequest.post('/uf/create', token, uf).then(function (res) {\n    expect(res.status).to.equal(401);\n    done();\n}).catch(function (err) { done(err); });",
                  "err": {},
                  "uuid": "e88c64f3-dc48-426c-8370-186c43636181",
                  "parentUUID": "6016e30e-1d66-41bf-b37e-badca20dd7e2",
                  "isHook": false,
                  "skipped": false
                }
              ],
              "suites": [],
              "passes": [
                "28d7bd07-a54f-4b19-af2b-1c41d6281112",
                "c5336e7c-eb07-48e7-b946-78f2e6b2fd7c",
                "c04a8a58-876e-4071-8d0f-013ed532fc2f",
                "e884a18b-09a4-48a4-902a-9d9175a54e7c",
                "f7ad5bfb-d786-43ef-88cf-ae3b8cffc212",
                "37bfd96a-d9bc-4054-b208-625c213fa02a",
                "e88c64f3-dc48-426c-8370-186c43636181"
              ],
              "failures": [],
              "pending": [],
              "skipped": [],
              "duration": 44,
              "root": false,
              "rootEmpty": false,
              "_timeout": 2000
            },
            {
              "uuid": "ca3c5f57-4a40-4ef9-9584-356cddc746ce",
              "title": "/Task",
              "fullFile": "/home/school/api/test/test.js",
              "file": "/test/test.js",
              "beforeHooks": [
                {
                  "title": "\"before all\" hook in \"/Task\"",
                  "fullTitle": "API /Task \"before all\" hook in \"/Task\"",
                  "timedOut": false,
                  "duration": 36,
                  "state": null,
                  "speed": null,
                  "pass": false,
                  "fail": false,
                  "pending": false,
                  "context": null,
                  "code": "await request.auth('/register', hooks.user).then(function (res) {\n    token = res.body.token;\n});\nawait request.post('/module', token, hooks.module).then(function (res) {\n    uf.moduleId = res.body.body._id;\n});\nawait request.post('/uf/create', token, uf).then(function(res){\n    task.ufId = res.body.body._id;\n    rule.ufId = res.body.body._id;\n});\nawait request.post('/rule/create', token, rule).then(function(res){\n    task.ruleId = res.body.body._id;\n});",
                  "err": {},
                  "uuid": "930695c3-6c69-4c85-a8cb-afb6202dbcaa",
                  "parentUUID": "ca3c5f57-4a40-4ef9-9584-356cddc746ce",
                  "isHook": true,
                  "skipped": false
                }
              ],
              "afterHooks": [
                {
                  "title": "\"after all\" hook in \"/Task\"",
                  "fullTitle": "API /Task \"after all\" hook in \"/Task\"",
                  "timedOut": false,
                  "duration": 3,
                  "state": null,
                  "speed": null,
                  "pass": false,
                  "fail": false,
                  "pending": false,
                  "context": null,
                  "code": "await User.deleteMany({});\nawait Module.deleteMany({});\nawait Uf.deleteMany({});\nawait Task.deleteMany({});",
                  "err": {},
                  "uuid": "1ce851e5-9c79-4404-bd6d-77e6d6f03ee1",
                  "parentUUID": "ca3c5f57-4a40-4ef9-9584-356cddc746ce",
                  "isHook": true,
                  "skipped": false
                }
              ],
              "tests": [
                {
                  "title": "[1]- Create Task",
                  "fullTitle": "API /Task [1]- Create Task",
                  "timedOut": false,
                  "duration": 14,
                  "state": "passed",
                  "speed": "fast",
                  "pass": true,
                  "fail": false,
                  "pending": false,
                  "context": null,
                  "code": "request.post('/task/create', token, task).then(function (res) {\n    console.log(res.body);\n    expect(res.status).to.equal(201);\n    taskId = res.body.body._id;\n    done();\n}).catch(function (err) { done(err);  });",
                  "err": {},
                  "uuid": "c2ed9a1c-4561-41ed-9988-2bc17f9cbfbf",
                  "parentUUID": "ca3c5f57-4a40-4ef9-9584-356cddc746ce",
                  "isHook": false,
                  "skipped": false
                },
                {
                  "title": "[2]- Edit Task",
                  "fullTitle": "API /Task [2]- Edit Task",
                  "timedOut": false,
                  "duration": 10,
                  "state": "passed",
                  "speed": "fast",
                  "pass": true,
                  "fail": false,
                  "pending": false,
                  "context": null,
                  "code": "task.name = \"Edited\";\nrequest.edit(`/task/${taskId}/edit`, token, task).then(function (res) {\n    expect(res.body.body.name).to.equal(\"Edited\");\n    expect(res.status).to.equal(200);\n    done();\n}).catch(function (err) { done(err); });",
                  "err": {},
                  "uuid": "1aadced2-4938-40c4-9e90-bd69c9008d06",
                  "parentUUID": "ca3c5f57-4a40-4ef9-9584-356cddc746ce",
                  "isHook": false,
                  "skipped": false
                },
                {
                  "title": "[3]- Get Task",
                  "fullTitle": "API /Task [3]- Get Task",
                  "timedOut": false,
                  "duration": 5,
                  "state": "passed",
                  "speed": "fast",
                  "pass": true,
                  "fail": false,
                  "pending": false,
                  "context": null,
                  "code": "request.get(`/task/${taskId}`, token, {}).then(function (res) {\n    expect(res.status).to.equal(200);\n    done();\n}).catch(function (err) { done(err); });",
                  "err": {},
                  "uuid": "304e06d7-7f82-46e8-a79e-eb4fd24c1493",
                  "parentUUID": "ca3c5f57-4a40-4ef9-9584-356cddc746ce",
                  "isHook": false,
                  "skipped": false
                },
                {
                  "title": "[4]- Create Invalid Schema Task",
                  "fullTitle": "API /Task [4]- Create Invalid Schema Task",
                  "timedOut": false,
                  "duration": 4,
                  "state": "passed",
                  "speed": "fast",
                  "pass": true,
                  "fail": false,
                  "pending": false,
                  "context": null,
                  "code": "request.post('/task/create', token, {}).then(function (res) {\n    expect(res.status).to.equal(406);\n    done();\n}).catch(function (err) { done(err); });",
                  "err": {},
                  "uuid": "87168964-356a-41cc-bbdd-86865316c5d9",
                  "parentUUID": "ca3c5f57-4a40-4ef9-9584-356cddc746ce",
                  "isHook": false,
                  "skipped": false
                },
                {
                  "title": "[5]- Update Invalid Schema Task",
                  "fullTitle": "API /Task [5]- Update Invalid Schema Task",
                  "timedOut": false,
                  "duration": 4,
                  "state": "passed",
                  "speed": "fast",
                  "pass": true,
                  "fail": false,
                  "pending": false,
                  "context": null,
                  "code": "request.edit(`/task/${taskId}/edit`, token, {}).then(function (res) {\n    expect(res.status).to.equal(406);\n    done();\n}).catch(function (err) { done(err); });",
                  "err": {},
                  "uuid": "640baae1-9872-4b23-a348-d567c44d7698",
                  "parentUUID": "ca3c5f57-4a40-4ef9-9584-356cddc746ce",
                  "isHook": false,
                  "skipped": false
                },
                {
                  "title": "[6]- Create Invalid UfId Task",
                  "fullTitle": "API /Task [6]- Create Invalid UfId Task",
                  "timedOut": false,
                  "duration": 4,
                  "state": "passed",
                  "speed": "fast",
                  "pass": true,
                  "fail": false,
                  "pending": false,
                  "context": null,
                  "code": "let taskTemp = {\n    ufId: \"6259e3e95f71a80819cb020b\",\n    ruleId: task.rule,\n    name: task.name,\n    description: task.description,\n    grade: task.grade,\n    dueDate: task.dueDate\n};\nrequest.post(`/task/${taskId}`, token, taskTemp).then(function (res) {\n    expect(res.status).to.equal(404);\n    done();\n}).catch(function (err) { done(err); });",
                  "err": {},
                  "uuid": "7ec7229e-8e54-48ad-989b-b1f9b033dbb7",
                  "parentUUID": "ca3c5f57-4a40-4ef9-9584-356cddc746ce",
                  "isHook": false,
                  "skipped": false
                },
                {
                  "title": "[6]- Delete Task",
                  "fullTitle": "API /Task [6]- Delete Task",
                  "timedOut": false,
                  "duration": 5,
                  "state": "passed",
                  "speed": "fast",
                  "pass": true,
                  "fail": false,
                  "pending": false,
                  "context": null,
                  "code": "request.delete(`/task/${taskId}/delete`, token, {}).then(function (res) {\n    expect(res.status).to.equal(200);\n    done();\n}).catch(function (err) { done(err); });",
                  "err": {},
                  "uuid": "207942e6-a51a-4717-91df-f9750b5b8ce3",
                  "parentUUID": "ca3c5f57-4a40-4ef9-9584-356cddc746ce",
                  "isHook": false,
                  "skipped": false
                },
                {
                  "title": "[7]- Delete Non Existent Task",
                  "fullTitle": "API /Task [7]- Delete Non Existent Task",
                  "timedOut": false,
                  "duration": 4,
                  "state": "passed",
                  "speed": "fast",
                  "pass": true,
                  "fail": false,
                  "pending": false,
                  "context": null,
                  "code": "request.delete(`/task/${taskId}/delete`, token, {}).then(function (res) {\n    expect(res.status).to.equal(500);\n    done();\n}).catch(function (err) { done(err); });",
                  "err": {},
                  "uuid": "8f292c85-7f34-40f1-9150-5100954359f6",
                  "parentUUID": "ca3c5f57-4a40-4ef9-9584-356cddc746ce",
                  "isHook": false,
                  "skipped": false
                }
              ],
              "suites": [],
              "passes": [
                "c2ed9a1c-4561-41ed-9988-2bc17f9cbfbf",
                "1aadced2-4938-40c4-9e90-bd69c9008d06",
                "304e06d7-7f82-46e8-a79e-eb4fd24c1493",
                "87168964-356a-41cc-bbdd-86865316c5d9",
                "640baae1-9872-4b23-a348-d567c44d7698",
                "7ec7229e-8e54-48ad-989b-b1f9b033dbb7",
                "207942e6-a51a-4717-91df-f9750b5b8ce3",
                "8f292c85-7f34-40f1-9150-5100954359f6"
              ],
              "failures": [],
              "pending": [],
              "skipped": [],
              "duration": 50,
              "root": false,
              "rootEmpty": false,
              "_timeout": 2000
            },
            {
              "uuid": "1361d29f-b2e2-4a68-959a-c6738fcdf35d",
              "title": "/Truancy",
              "fullFile": "/home/school/api/test/test.js",
              "file": "/test/test.js",
              "beforeHooks": [
                {
                  "title": "\"before all\" hook in \"/Truancy\"",
                  "fullTitle": "API /Truancy \"before all\" hook in \"/Truancy\"",
                  "timedOut": false,
                  "duration": 34,
                  "state": null,
                  "speed": null,
                  "pass": false,
                  "fail": false,
                  "pending": false,
                  "context": null,
                  "code": "await request.auth('/register', hooks.user).then(function (res) {\n    token = res.body.token;\n});\nawait request.post('/module', token, hooks.module).then(function (res) {\n    moduleId = res.body.body._id;\n});\nawait request.post('/uf/create', token, {\n    moduleId: moduleId,\n    ...hooks.uf\n}).then(function (res) {\n    truancy.ufId = res.body.body._id;\n});",
                  "err": {},
                  "uuid": "1cb0e6f4-54a2-4a51-ae97-3de2d7a45401",
                  "parentUUID": "1361d29f-b2e2-4a68-959a-c6738fcdf35d",
                  "isHook": true,
                  "skipped": false
                }
              ],
              "afterHooks": [
                {
                  "title": "\"after all\" hook in \"/Truancy\"",
                  "fullTitle": "API /Truancy \"after all\" hook in \"/Truancy\"",
                  "timedOut": false,
                  "duration": 3,
                  "state": null,
                  "speed": null,
                  "pass": false,
                  "fail": false,
                  "pending": false,
                  "context": null,
                  "code": "await User.deleteMany({});\nawait Module.deleteMany({});\nawait Uf.deleteMany({});\nawait Truancy.deleteMany({});",
                  "err": {},
                  "uuid": "919d14f7-a108-4da6-b235-c4eacc4d8331",
                  "parentUUID": "1361d29f-b2e2-4a68-959a-c6738fcdf35d",
                  "isHook": true,
                  "skipped": false
                }
              ],
              "tests": [
                {
                  "title": "[1]- Create Truancy",
                  "fullTitle": "API /Truancy [1]- Create Truancy",
                  "timedOut": false,
                  "duration": 6,
                  "state": "passed",
                  "speed": "fast",
                  "pass": true,
                  "fail": false,
                  "pending": false,
                  "context": null,
                  "code": "request.post('/truancy/create', token, truancy).then(function (res) {\n    expect(res.status).to.equal(201);\n    truancyId = res.body.body._id;\n    done();\n}).catch(function (err) { done(err); });",
                  "err": {},
                  "uuid": "e32c6b69-b958-473c-8827-4fe98760221d",
                  "parentUUID": "1361d29f-b2e2-4a68-959a-c6738fcdf35d",
                  "isHook": false,
                  "skipped": false
                },
                {
                  "title": "[2]- Create Truancy Unauthorized",
                  "fullTitle": "API /Truancy [2]- Create Truancy Unauthorized",
                  "timedOut": false,
                  "duration": 1,
                  "state": "passed",
                  "speed": "fast",
                  "pass": true,
                  "fail": false,
                  "pending": false,
                  "context": null,
                  "code": "request.post('/truancy/create', {}, truancy).then(function (res) {\n    expect(res.status).to.equal(401);\n    done();\n}).catch(function (err) { done(err); });",
                  "err": {},
                  "uuid": "183d75ac-84b0-4310-88ab-ca8730a9ded9",
                  "parentUUID": "1361d29f-b2e2-4a68-959a-c6738fcdf35d",
                  "isHook": false,
                  "skipped": false
                },
                {
                  "title": "[3]- Update Truancy",
                  "fullTitle": "API /Truancy [3]- Update Truancy",
                  "timedOut": false,
                  "duration": 6,
                  "state": "passed",
                  "speed": "fast",
                  "pass": true,
                  "fail": false,
                  "pending": false,
                  "context": null,
                  "code": "truancy.reason = \"Edited\";\nrequest.edit(`/truancy/${truancyId}/edit`, token, truancy).then(function (res) {\n    expect(res.body.body.reason).to.equal(\"Edited\");\n    expect(res.status).to.equal(200);\n    done();\n}).catch(function (err) { done(err); });",
                  "err": {},
                  "uuid": "6665cd96-5be0-4cac-8113-a2c39a69e4fb",
                  "parentUUID": "1361d29f-b2e2-4a68-959a-c6738fcdf35d",
                  "isHook": false,
                  "skipped": false
                },
                {
                  "title": "[4]- Get Truancy",
                  "fullTitle": "API /Truancy [4]- Get Truancy",
                  "timedOut": false,
                  "duration": 4,
                  "state": "passed",
                  "speed": "fast",
                  "pass": true,
                  "fail": false,
                  "pending": false,
                  "context": null,
                  "code": "truancy.reason = \"Edited\";\nrequest.get(`/truancy/${truancyId}`, token, {}).then(function (res) {\n    expect(res.status).to.equal(200);\n    done();\n}).catch(function (err) { done(err); });",
                  "err": {},
                  "uuid": "72277881-d8a1-4053-ad31-ed0a1f4400a7",
                  "parentUUID": "1361d29f-b2e2-4a68-959a-c6738fcdf35d",
                  "isHook": false,
                  "skipped": false
                },
                {
                  "title": "[5]- Update Invalid Schema Truancy",
                  "fullTitle": "API /Truancy [5]- Update Invalid Schema Truancy",
                  "timedOut": false,
                  "duration": 6,
                  "state": "passed",
                  "speed": "fast",
                  "pass": true,
                  "fail": false,
                  "pending": false,
                  "context": null,
                  "code": "request.edit(`/truancy/${truancyId}/edit`, token, {}).then(function (res) {\n    expect(res.status).to.equal(406);\n    done();\n}).catch(function (err) { done(err); });",
                  "err": {},
                  "uuid": "a7f64317-ca99-44e6-b800-b8c4823a1a1a",
                  "parentUUID": "1361d29f-b2e2-4a68-959a-c6738fcdf35d",
                  "isHook": false,
                  "skipped": false
                },
                {
                  "title": "[6]- Delete Truancy",
                  "fullTitle": "API /Truancy [6]- Delete Truancy",
                  "timedOut": false,
                  "duration": 5,
                  "state": "passed",
                  "speed": "fast",
                  "pass": true,
                  "fail": false,
                  "pending": false,
                  "context": null,
                  "code": "request.delete(`/truancy/${truancyId}/delete`, token, {}).then(function (res) {\n    expect(res.status).to.equal(200);\n    done();\n}).catch(function (err) { done(err); });",
                  "err": {},
                  "uuid": "4c33fa5d-e117-4fb6-a5d4-2016527f6d24",
                  "parentUUID": "1361d29f-b2e2-4a68-959a-c6738fcdf35d",
                  "isHook": false,
                  "skipped": false
                },
                {
                  "title": "[7]- Get Truancy After Delete",
                  "fullTitle": "API /Truancy [7]- Get Truancy After Delete",
                  "timedOut": false,
                  "duration": 4,
                  "state": "passed",
                  "speed": "fast",
                  "pass": true,
                  "fail": false,
                  "pending": false,
                  "context": null,
                  "code": "request.delete(`/truancy/${truancyId}/delete`, token, {}).then(function (res) {\n    expect(res.status).to.equal(404);\n    done();\n}).catch(function (err) { done(err); });",
                  "err": {},
                  "uuid": "f48dc272-d05b-4ba2-9035-2ea0bc534eef",
                  "parentUUID": "1361d29f-b2e2-4a68-959a-c6738fcdf35d",
                  "isHook": false,
                  "skipped": false
                }
              ],
              "suites": [],
              "passes": [
                "e32c6b69-b958-473c-8827-4fe98760221d",
                "183d75ac-84b0-4310-88ab-ca8730a9ded9",
                "6665cd96-5be0-4cac-8113-a2c39a69e4fb",
                "72277881-d8a1-4053-ad31-ed0a1f4400a7",
                "a7f64317-ca99-44e6-b800-b8c4823a1a1a",
                "4c33fa5d-e117-4fb6-a5d4-2016527f6d24",
                "f48dc272-d05b-4ba2-9035-2ea0bc534eef"
              ],
              "failures": [],
              "pending": [],
              "skipped": [],
              "duration": 32,
              "root": false,
              "rootEmpty": false,
              "_timeout": 2000
            },
            {
              "uuid": "b60853d4-adea-4380-8e1c-e9b603224f4e",
              "title": "/Rule",
              "fullFile": "/home/school/api/test/test.js",
              "file": "/test/test.js",
              "beforeHooks": [
                {
                  "title": "\"before all\" hook in \"/Rule\"",
                  "fullTitle": "API /Rule \"before all\" hook in \"/Rule\"",
                  "timedOut": false,
                  "duration": 30,
                  "state": null,
                  "speed": null,
                  "pass": false,
                  "fail": false,
                  "pending": false,
                  "context": null,
                  "code": "await request.auth('/register', hooks.user).then(function (res) {\n    token = res.body.token;\n});\nawait request.post('/module', token, hooks.module).then(function (res) {\n    moduleId = res.body.body._id;\n});\nawait request.post('/uf/create', token, {\n    moduleId: moduleId,\n    ...hooks.uf\n}).then(function (res) {\n    rule.ufId = res.body.body._id;\n});",
                  "err": {},
                  "uuid": "ecddb991-3538-4272-a227-397e61e6eb9d",
                  "parentUUID": "b60853d4-adea-4380-8e1c-e9b603224f4e",
                  "isHook": true,
                  "skipped": false
                }
              ],
              "afterHooks": [
                {
                  "title": "\"after all\" hook in \"/Rule\"",
                  "fullTitle": "API /Rule \"after all\" hook in \"/Rule\"",
                  "timedOut": false,
                  "duration": 3,
                  "state": null,
                  "speed": null,
                  "pass": false,
                  "fail": false,
                  "pending": false,
                  "context": null,
                  "code": "await User.deleteMany({});\nawait Module.deleteMany({});\nawait Uf.deleteMany({});\nawait Rule.deleteMany({});",
                  "err": {},
                  "uuid": "c3ee464a-49cc-4dd5-abfb-7e5aded36d34",
                  "parentUUID": "b60853d4-adea-4380-8e1c-e9b603224f4e",
                  "isHook": true,
                  "skipped": false
                }
              ],
              "tests": [
                {
                  "title": "[1]- Create Rule",
                  "fullTitle": "API /Rule [1]- Create Rule",
                  "timedOut": false,
                  "duration": 5,
                  "state": "passed",
                  "speed": "fast",
                  "pass": true,
                  "fail": false,
                  "pending": false,
                  "context": null,
                  "code": "request.post('/rule/create', token, rule).then(function (res) {\n    expect(res.status).to.equal(201);\n    ruleId = res.body.body._id;\n    done();\n}).catch(function (err) { done(err); });",
                  "err": {},
                  "uuid": "517274ce-4473-4ec2-8a1e-0de772b7de88",
                  "parentUUID": "b60853d4-adea-4380-8e1c-e9b603224f4e",
                  "isHook": false,
                  "skipped": false
                },
                {
                  "title": "[2]- Create Rule Unauthorized",
                  "fullTitle": "API /Rule [2]- Create Rule Unauthorized",
                  "timedOut": false,
                  "duration": 2,
                  "state": "passed",
                  "speed": "fast",
                  "pass": true,
                  "fail": false,
                  "pending": false,
                  "context": null,
                  "code": "request.post('/rule/create', {}, rule).then(function (res) {\n    expect(res.status).to.equal(401);\n    done();\n}).catch(function (err) { done(err); });",
                  "err": {},
                  "uuid": "ff6afb10-415c-45e5-a4e7-f9111dd2bbbe",
                  "parentUUID": "b60853d4-adea-4380-8e1c-e9b603224f4e",
                  "isHook": false,
                  "skipped": false
                },
                {
                  "title": "[3]- Update Rule",
                  "fullTitle": "API /Rule [3]- Update Rule",
                  "timedOut": false,
                  "duration": 5,
                  "state": "passed",
                  "speed": "fast",
                  "pass": true,
                  "fail": false,
                  "pending": false,
                  "context": null,
                  "code": "rule.title = \"Edited\";\nrequest.edit(`/rule/${ruleId}/edit`, token, rule).then(function (res) {\n    expect(res.body.body.title).to.equal(\"Edited\");\n    expect(res.status).to.equal(200);\n    done();\n}).catch(function (err) { done(err); });",
                  "err": {},
                  "uuid": "bfc49352-f1cf-4580-9500-a89dcf46ebe0",
                  "parentUUID": "b60853d4-adea-4380-8e1c-e9b603224f4e",
                  "isHook": false,
                  "skipped": false
                },
                {
                  "title": "[4]- Get Rule",
                  "fullTitle": "API /Rule [4]- Get Rule",
                  "timedOut": false,
                  "duration": 4,
                  "state": "passed",
                  "speed": "fast",
                  "pass": true,
                  "fail": false,
                  "pending": false,
                  "context": null,
                  "code": "request.get(`/rule/${ruleId}`, token, {}).then(function (res) {\n    expect(res.status).to.equal(200);\n    done();\n}).catch(function (err) { done(err); });",
                  "err": {},
                  "uuid": "462ee044-83ba-4020-bf3b-ba01bdfe32b5",
                  "parentUUID": "b60853d4-adea-4380-8e1c-e9b603224f4e",
                  "isHook": false,
                  "skipped": false
                },
                {
                  "title": "[5]- Get Rules from UF",
                  "fullTitle": "API /Rule [5]- Get Rules from UF",
                  "timedOut": false,
                  "duration": 4,
                  "state": "passed",
                  "speed": "fast",
                  "pass": true,
                  "fail": false,
                  "pending": false,
                  "context": null,
                  "code": "request.get(`/rule/uf/${rule.ufId}`, token, {}).then(function (res) {\n    expect(res.status).to.equal(200);\n    done();\n}).catch(function (err) { done(err); });",
                  "err": {},
                  "uuid": "3b4000eb-470c-4beb-beb4-48e1339b63f0",
                  "parentUUID": "b60853d4-adea-4380-8e1c-e9b603224f4e",
                  "isHook": false,
                  "skipped": false
                },
                {
                  "title": "[5]- Update Invalid Schema Rule",
                  "fullTitle": "API /Rule [5]- Update Invalid Schema Rule",
                  "timedOut": false,
                  "duration": 3,
                  "state": "passed",
                  "speed": "fast",
                  "pass": true,
                  "fail": false,
                  "pending": false,
                  "context": null,
                  "code": "request.edit(`/rule/${ruleId}/edit`, token, {}).then(function (res) {\n    expect(res.status).to.equal(406);\n    done();\n}).catch(function (err) { done(err); });",
                  "err": {},
                  "uuid": "1c1c9e97-8648-47eb-a2eb-83d9037b88b1",
                  "parentUUID": "b60853d4-adea-4380-8e1c-e9b603224f4e",
                  "isHook": false,
                  "skipped": false
                },
                {
                  "title": "[6]- Delete Rule",
                  "fullTitle": "API /Rule [6]- Delete Rule",
                  "timedOut": false,
                  "duration": 4,
                  "state": "passed",
                  "speed": "fast",
                  "pass": true,
                  "fail": false,
                  "pending": false,
                  "context": null,
                  "code": "request.delete(`/rule/${ruleId}/delete`, token, {}).then(function (res) {\n    expect(res.status).to.equal(200);\n    done();\n}).catch(function (err) { done(err); });",
                  "err": {},
                  "uuid": "179e5d84-a813-44ec-9e17-3d3836184e4b",
                  "parentUUID": "b60853d4-adea-4380-8e1c-e9b603224f4e",
                  "isHook": false,
                  "skipped": false
                },
                {
                  "title": "[7]- Get Rule After Delete",
                  "fullTitle": "API /Rule [7]- Get Rule After Delete",
                  "timedOut": false,
                  "duration": 4,
                  "state": "passed",
                  "speed": "fast",
                  "pass": true,
                  "fail": false,
                  "pending": false,
                  "context": null,
                  "code": "request.delete(`/rule/${ruleId}/delete`, token, {}).then(function (res) {\n    expect(res.status).to.equal(404);\n    done();\n}).catch(function (err) { done(err); });",
                  "err": {},
                  "uuid": "61e20c1b-f673-4c31-bc0e-e72469cf4bcd",
                  "parentUUID": "b60853d4-adea-4380-8e1c-e9b603224f4e",
                  "isHook": false,
                  "skipped": false
                }
              ],
              "suites": [],
              "passes": [
                "517274ce-4473-4ec2-8a1e-0de772b7de88",
                "ff6afb10-415c-45e5-a4e7-f9111dd2bbbe",
                "bfc49352-f1cf-4580-9500-a89dcf46ebe0",
                "462ee044-83ba-4020-bf3b-ba01bdfe32b5",
                "3b4000eb-470c-4beb-beb4-48e1339b63f0",
                "1c1c9e97-8648-47eb-a2eb-83d9037b88b1",
                "179e5d84-a813-44ec-9e17-3d3836184e4b",
                "61e20c1b-f673-4c31-bc0e-e72469cf4bcd"
              ],
              "failures": [],
              "pending": [],
              "skipped": [],
              "duration": 31,
              "root": false,
              "rootEmpty": false,
              "_timeout": 2000
            }
          ],
          "passes": [],
          "failures": [],
          "pending": [],
          "skipped": [],
          "duration": 0,
          "root": false,
          "rootEmpty": false,
          "_timeout": 2000
        }
      ],
      "passes": [],
      "failures": [],
      "pending": [],
      "skipped": [],
      "duration": 0,
      "root": true,
      "rootEmpty": true,
      "_timeout": 2000
    }
  ],
  "meta": {
    "mocha": {
      "version": "9.2.2"
    },
    "mochawesome": {
      "options": {
        "quiet": false,
        "reportFilename": "mochawesome",
        "saveHtml": true,
        "saveJson": true,
        "consoleReporter": "spec",
        "useInlineDiffs": false,
        "code": true
      },
      "version": "7.1.3"
    },
    "marge": {
      "options": {
        "reportDir": "public"
      },
      "version": "6.2.0"
    }
  }
}