{
  "stats": {
    "suites": 8,
    "tests": 49,
    "passes": 49,
    "pending": 0,
    "failures": 0,
    "start": "2022-04-24T22:33:00.039Z",
    "end": "2022-04-24T22:33:00.644Z",
    "duration": 605,
    "testsRegistered": 49,
    "passPercent": 100,
    "pendingPercent": 0,
    "other": 0,
    "hasOther": false,
    "skipped": 0,
    "hasSkipped": false
  },
  "results": [
    {
      "uuid": "abda48ea-e3e5-4378-9948-01328c834f30",
      "title": "",
      "fullFile": "/home/school/api/test/test.js",
      "file": "/test/test.js",
      "beforeHooks": [],
      "afterHooks": [],
      "tests": [],
      "suites": [
        {
          "uuid": "72c40806-5e3a-45f0-8dd6-af9336974582",
          "title": "API",
          "fullFile": "/home/school/api/test/test.js",
          "file": "/test/test.js",
          "beforeHooks": [
            {
              "title": "\"before all\" hook in \"API\"",
              "fullTitle": "API \"before all\" hook in \"API\"",
              "timedOut": false,
              "duration": 33,
              "state": null,
              "speed": null,
              "pass": false,
              "fail": false,
              "pending": false,
              "context": null,
              "code": "mongoose.connect(URI_TEST, done)",
              "err": {},
              "uuid": "80b1d8e6-9449-4018-96d2-2fb1512c4e9d",
              "parentUUID": "72c40806-5e3a-45f0-8dd6-af9336974582",
              "isHook": true,
              "skipped": false
            }
          ],
          "afterHooks": [],
          "tests": [],
          "suites": [
            {
              "uuid": "9af5d21a-475e-47d9-ba4c-b8e643471ae2",
              "title": "/Register",
              "fullFile": "/home/school/api/test/test.js",
              "file": "/test/test.js",
              "beforeHooks": [],
              "afterHooks": [
                {
                  "title": "\"after each\" hook in \"/Register\"",
                  "fullTitle": "API /Register \"after each\" hook in \"/Register\"",
                  "timedOut": false,
                  "duration": 1,
                  "state": null,
                  "speed": null,
                  "pass": false,
                  "fail": false,
                  "pending": false,
                  "context": null,
                  "code": "await User.deleteMany({});",
                  "err": {},
                  "uuid": "1dad014a-9831-4d84-89c1-7113e9cc6217",
                  "parentUUID": "9af5d21a-475e-47d9-ba4c-b8e643471ae2",
                  "isHook": true,
                  "skipped": false
                }
              ],
              "tests": [
                {
                  "title": "[1]- Register",
                  "fullTitle": "API /Register [1]- Register",
                  "timedOut": false,
                  "duration": 74,
                  "state": "passed",
                  "speed": "medium",
                  "pass": true,
                  "fail": false,
                  "pending": false,
                  "context": null,
                  "code": "request.auth('/register', hooks.user).then(function(res){\n    expect(res.status).to.equal(201);\n    done();\n}).catch(function(err){ done(err); });",
                  "err": {},
                  "uuid": "a1fadaaa-e7f0-4ce7-9122-a75901e681b6",
                  "parentUUID": "9af5d21a-475e-47d9-ba4c-b8e643471ae2",
                  "isHook": false,
                  "skipped": false
                },
                {
                  "title": "[2]- Invalid Schema",
                  "fullTitle": "API /Register [2]- Invalid Schema",
                  "timedOut": false,
                  "duration": 3,
                  "state": "passed",
                  "speed": "fast",
                  "pass": true,
                  "fail": false,
                  "pending": false,
                  "context": null,
                  "code": "request.auth('/register', {}).then(function(res){\n    expect(res.status).to.equal(406);\n    done();\n}).catch(function(err){ done(err); });",
                  "err": {},
                  "uuid": "5a30e0fd-d9b5-4d69-9f21-ada5b2bde4b4",
                  "parentUUID": "9af5d21a-475e-47d9-ba4c-b8e643471ae2",
                  "isHook": false,
                  "skipped": false
                },
                {
                  "title": "[3]- Invalid Password Pattern",
                  "fullTitle": "API /Register [3]- Invalid Password Pattern",
                  "timedOut": false,
                  "duration": 3,
                  "state": "passed",
                  "speed": "fast",
                  "pass": true,
                  "fail": false,
                  "pending": false,
                  "context": null,
                  "code": "request.auth('/register', {\n    firstName: hooks.user.firstName,\n    lastName: hooks.user.lastName,\n    email: hooks.user.email,\n    password: \"abcdef1\"\n}).then(function(res){\n    expect(res.status).to.equal(406);\n    done();\n}).catch(function(err){ done(err); });",
                  "err": {},
                  "uuid": "72d4e04f-eae5-4bb7-a267-3272957e2f97",
                  "parentUUID": "9af5d21a-475e-47d9-ba4c-b8e643471ae2",
                  "isHook": false,
                  "skipped": false
                },
                {
                  "title": "[4]- Invalid Email Pattern",
                  "fullTitle": "API /Register [4]- Invalid Email Pattern",
                  "timedOut": false,
                  "duration": 4,
                  "state": "passed",
                  "speed": "fast",
                  "pass": true,
                  "fail": false,
                  "pending": false,
                  "context": null,
                  "code": "request.auth('/register', {\n    firstName: hooks.user.firstName,\n    lastName: hooks.user.lastName,\n    email: 'abcdef',\n    password: hooks.user.password\n}).then(function(res){\n    expect(res.status).to.equal(406);\n    done();\n}).catch(function(err){ done(err); });",
                  "err": {},
                  "uuid": "2c83ed26-e161-489e-8b36-46c8b7e6db3c",
                  "parentUUID": "9af5d21a-475e-47d9-ba4c-b8e643471ae2",
                  "isHook": false,
                  "skipped": false
                },
                {
                  "title": "[4]- Invalid First Name Pattern",
                  "fullTitle": "API /Register [4]- Invalid First Name Pattern",
                  "timedOut": false,
                  "duration": 2,
                  "state": "passed",
                  "speed": "fast",
                  "pass": true,
                  "fail": false,
                  "pending": false,
                  "context": null,
                  "code": "request.auth('/register', {\n    firstName: \"abc123\",\n    lastName: hooks.user.lastName,\n    email: hooks.user.email,\n    password: hooks.user.password\n}).then(function(res){\n    expect(res.status).to.equal(406);\n    done();\n}).catch(function(err){ done(err); });",
                  "err": {},
                  "uuid": "5f7bf0b9-d9be-4b45-863c-10ba75304fb8",
                  "parentUUID": "9af5d21a-475e-47d9-ba4c-b8e643471ae2",
                  "isHook": false,
                  "skipped": false
                },
                {
                  "title": "[5]- Invalid Last Name Pattern",
                  "fullTitle": "API /Register [5]- Invalid Last Name Pattern",
                  "timedOut": false,
                  "duration": 3,
                  "state": "passed",
                  "speed": "fast",
                  "pass": true,
                  "fail": false,
                  "pending": false,
                  "context": null,
                  "code": "request.auth('/register', {\n    firstName: hooks.user.firstName,\n    lastName: \"abc123\",\n    email: hooks.user.email,\n    password: hooks.user.password\n}).then(function(res){\n    expect(res.status).to.equal(406);\n    done();\n}).catch(function(err){ done(err); });",
                  "err": {},
                  "uuid": "9946fec6-465c-4558-a844-fa7352ece557",
                  "parentUUID": "9af5d21a-475e-47d9-ba4c-b8e643471ae2",
                  "isHook": false,
                  "skipped": false
                }
              ],
              "suites": [],
              "passes": [
                "a1fadaaa-e7f0-4ce7-9122-a75901e681b6",
                "5a30e0fd-d9b5-4d69-9f21-ada5b2bde4b4",
                "72d4e04f-eae5-4bb7-a267-3272957e2f97",
                "2c83ed26-e161-489e-8b36-46c8b7e6db3c",
                "5f7bf0b9-d9be-4b45-863c-10ba75304fb8",
                "9946fec6-465c-4558-a844-fa7352ece557"
              ],
              "failures": [],
              "pending": [],
              "skipped": [],
              "duration": 89,
              "root": false,
              "rootEmpty": false,
              "_timeout": 2000
            },
            {
              "uuid": "afb84b8d-7865-4d50-adfc-7dd29ce7a099",
              "title": "/Login",
              "fullFile": "/home/school/api/test/test.js",
              "file": "/test/test.js",
              "beforeHooks": [
                {
                  "title": "\"before all\" hook in \"/Login\"",
                  "fullTitle": "API /Login \"before all\" hook in \"/Login\"",
                  "timedOut": false,
                  "duration": 1,
                  "state": null,
                  "speed": null,
                  "pass": false,
                  "fail": false,
                  "pending": false,
                  "context": null,
                  "code": "request.auth('/register', hooks.user).then();",
                  "err": {},
                  "uuid": "97e1ff2f-1eef-4b12-bb69-6c9b1c6e8c22",
                  "parentUUID": "afb84b8d-7865-4d50-adfc-7dd29ce7a099",
                  "isHook": true,
                  "skipped": false
                }
              ],
              "afterHooks": [
                {
                  "title": "\"after all\" hook in \"/Login\"",
                  "fullTitle": "API /Login \"after all\" hook in \"/Login\"",
                  "timedOut": false,
                  "duration": 1,
                  "state": null,
                  "speed": null,
                  "pass": false,
                  "fail": false,
                  "pending": false,
                  "context": null,
                  "code": "await User.deleteMany({});",
                  "err": {},
                  "uuid": "7c8d7c38-fa58-4ebd-af50-2ce402f4a576",
                  "parentUUID": "afb84b8d-7865-4d50-adfc-7dd29ce7a099",
                  "isHook": true,
                  "skipped": false
                }
              ],
              "tests": [
                {
                  "title": "[1]- Login",
                  "fullTitle": "API /Login [1]- Login",
                  "timedOut": false,
                  "duration": 43,
                  "state": "passed",
                  "speed": "medium",
                  "pass": true,
                  "fail": false,
                  "pending": false,
                  "context": null,
                  "code": "request.auth('/login', {\n    email: hooks.user.email,\n    password: hooks.user.password\n}).then(function(res){\n    expect(res.status).to.equal(202);\n    done();\n}).catch(function(err){ done(err); });",
                  "err": {},
                  "uuid": "17939229-1f8a-42ce-86cc-a0d8b88838ac",
                  "parentUUID": "afb84b8d-7865-4d50-adfc-7dd29ce7a099",
                  "isHook": false,
                  "skipped": false
                },
                {
                  "title": "[2]- Empty Schema",
                  "fullTitle": "API /Login [2]- Empty Schema",
                  "timedOut": false,
                  "duration": 2,
                  "state": "passed",
                  "speed": "fast",
                  "pass": true,
                  "fail": false,
                  "pending": false,
                  "context": null,
                  "code": "request.auth('/login', {}).then(function(res){\n    expect(res.status).to.equal(406);\n    done();\n}).catch(function(err){ done(err); });",
                  "err": {},
                  "uuid": "81e5f58f-bf9a-4462-9c5a-12d6d24b1c1d",
                  "parentUUID": "afb84b8d-7865-4d50-adfc-7dd29ce7a099",
                  "isHook": false,
                  "skipped": false
                },
                {
                  "title": "[3]- Invalid Login",
                  "fullTitle": "API /Login [3]- Invalid Login",
                  "timedOut": false,
                  "duration": 3,
                  "state": "passed",
                  "speed": "fast",
                  "pass": true,
                  "fail": false,
                  "pending": false,
                  "context": null,
                  "code": "request.auth('/login', {\n    email: '123@123.com',\n    password: hooks.user.password\n}).then(function(res){\n    expect(res.status).to.equal(409);\n    done();\n}).catch(function(err){ done(err); });",
                  "err": {},
                  "uuid": "63320854-b099-4615-a6fb-6e82ffdeb6de",
                  "parentUUID": "afb84b8d-7865-4d50-adfc-7dd29ce7a099",
                  "isHook": false,
                  "skipped": false
                },
                {
                  "title": "[4]- Invalid Fields",
                  "fullTitle": "API /Login [4]- Invalid Fields",
                  "timedOut": false,
                  "duration": 2,
                  "state": "passed",
                  "speed": "fast",
                  "pass": true,
                  "fail": false,
                  "pending": false,
                  "context": null,
                  "code": "request.auth('/login', {\n    firstName: hooks.user.firstName,\n    email: hooks.user.email,\n    password: hooks.user.password,\n}).then(function(res){\n    expect(res.status).to.equal(406);\n    done();\n}).catch(function(err){ done(err); });",
                  "err": {},
                  "uuid": "8b880af0-3033-4ff6-9791-a91e5df03f25",
                  "parentUUID": "afb84b8d-7865-4d50-adfc-7dd29ce7a099",
                  "isHook": false,
                  "skipped": false
                }
              ],
              "suites": [],
              "passes": [
                "17939229-1f8a-42ce-86cc-a0d8b88838ac",
                "81e5f58f-bf9a-4462-9c5a-12d6d24b1c1d",
                "63320854-b099-4615-a6fb-6e82ffdeb6de",
                "8b880af0-3033-4ff6-9791-a91e5df03f25"
              ],
              "failures": [],
              "pending": [],
              "skipped": [],
              "duration": 50,
              "root": false,
              "rootEmpty": false,
              "_timeout": 2000
            },
            {
              "uuid": "65dc9361-c328-4efe-8304-e7850fb46ecf",
              "title": "/Module",
              "fullFile": "/home/school/api/test/test.js",
              "file": "/test/test.js",
              "beforeHooks": [
                {
                  "title": "\"before all\" hook in \"/Module\"",
                  "fullTitle": "API /Module \"before all\" hook in \"/Module\"",
                  "timedOut": false,
                  "duration": 19,
                  "state": null,
                  "speed": null,
                  "pass": false,
                  "fail": false,
                  "pending": false,
                  "context": null,
                  "code": "await request.auth('/register', hooks.user).then(function(res){\n    token = res.body.token;\n});",
                  "err": {},
                  "uuid": "b35fd976-2cfc-4301-9f54-bf16c8614fcf",
                  "parentUUID": "65dc9361-c328-4efe-8304-e7850fb46ecf",
                  "isHook": true,
                  "skipped": false
                }
              ],
              "afterHooks": [
                {
                  "title": "\"after all\" hook in \"/Module\"",
                  "fullTitle": "API /Module \"after all\" hook in \"/Module\"",
                  "timedOut": false,
                  "duration": 2,
                  "state": null,
                  "speed": null,
                  "pass": false,
                  "fail": false,
                  "pending": false,
                  "context": null,
                  "code": "await User.deleteMany({});\nawait Module.deleteMany({});\nawait Uf.deleteMany({});",
                  "err": {},
                  "uuid": "bc431f9b-2393-4661-8616-8a8ca6f498d9",
                  "parentUUID": "65dc9361-c328-4efe-8304-e7850fb46ecf",
                  "isHook": true,
                  "skipped": false
                }
              ],
              "tests": [
                {
                  "title": "[1]- Create Module",
                  "fullTitle": "API /Module [1]- Create Module",
                  "timedOut": false,
                  "duration": 9,
                  "state": "passed",
                  "speed": "fast",
                  "pass": true,
                  "fail": false,
                  "pending": false,
                  "context": null,
                  "code": "request.post('/module', token, hooks.module).then(function(res){\n    expect(res.status).to.equal(201);\n    module_id = res.body.body._id;\n    done();\n\n}).catch(function(err){ done(err); });",
                  "err": {},
                  "uuid": "221263ec-7f1a-4cf6-b195-93b997bbf857",
                  "parentUUID": "65dc9361-c328-4efe-8304-e7850fb46ecf",
                  "isHook": false,
                  "skipped": false
                },
                {
                  "title": "[2]- Create Module Unauthorized",
                  "fullTitle": "API /Module [2]- Create Module Unauthorized",
                  "timedOut": false,
                  "duration": 2,
                  "state": "passed",
                  "speed": "fast",
                  "pass": true,
                  "fail": false,
                  "pending": false,
                  "context": null,
                  "code": "request.post('/module', token + \"00\", hooks.module).then(function(res){\n    expect(res.status).to.equal(401);\n    done();\n\n}).catch(function(err){ done(err); });",
                  "err": {},
                  "uuid": "1291fffa-2888-48d7-9ac0-6733df57425f",
                  "parentUUID": "65dc9361-c328-4efe-8304-e7850fb46ecf",
                  "isHook": false,
                  "skipped": false
                },
                {
                  "title": "[3]- Invalid Schema",
                  "fullTitle": "API /Module [3]- Invalid Schema",
                  "timedOut": false,
                  "duration": 4,
                  "state": "passed",
                  "speed": "fast",
                  "pass": true,
                  "fail": false,
                  "pending": false,
                  "context": null,
                  "code": "request.post('/module', token, {}).then(function(res){\n    expect(res.status).to.equal(406);\n    done();\n\n}).catch(function(err){ done(err); });",
                  "err": {},
                  "uuid": "2baa71c9-2d46-490e-9e85-f47d1c182a95",
                  "parentUUID": "65dc9361-c328-4efe-8304-e7850fb46ecf",
                  "isHook": false,
                  "skipped": false
                },
                {
                  "title": "[4]- Get Module",
                  "fullTitle": "API /Module [4]- Get Module",
                  "timedOut": false,
                  "duration": 7,
                  "state": "passed",
                  "speed": "fast",
                  "pass": true,
                  "fail": false,
                  "pending": false,
                  "context": null,
                  "code": "request.get(`/module/${module_id}`, token).then(function(res){\n    expect(res.status).to.equal(200);\n    done();\n}).catch(function(err){ done(err); });",
                  "err": {},
                  "uuid": "5b291b4f-dbf9-454b-b341-c9c5040b9ced",
                  "parentUUID": "65dc9361-c328-4efe-8304-e7850fb46ecf",
                  "isHook": false,
                  "skipped": false
                },
                {
                  "title": "[5]- Update Module",
                  "fullTitle": "API /Module [5]- Update Module",
                  "timedOut": false,
                  "duration": 11,
                  "state": "passed",
                  "speed": "fast",
                  "pass": true,
                  "fail": false,
                  "pending": false,
                  "context": null,
                  "code": "request.edit(`/module/${module_id}`, token, {\n    name: \"Edited\",\n    color: hooks.module.color\n}).then(function(res){\n    expect(res.body.body.name).to.equal(\"Edited\");\n    expect(res.status).to.equal(200);\n    done();\n}).catch(function(err){ done(err); });",
                  "err": {},
                  "uuid": "f3df89fe-2526-4586-b010-bca9a3537c59",
                  "parentUUID": "65dc9361-c328-4efe-8304-e7850fb46ecf",
                  "isHook": false,
                  "skipped": false
                },
                {
                  "title": "[6]- Invalid Update Module",
                  "fullTitle": "API /Module [6]- Invalid Update Module",
                  "timedOut": false,
                  "duration": 3,
                  "state": "passed",
                  "speed": "fast",
                  "pass": true,
                  "fail": false,
                  "pending": false,
                  "context": null,
                  "code": "request.edit(`/module/${module_id}`, token, {\n    name: \"\",\n    color: hooks.module.color\n}).then(function(res){\n    expect(res.status).to.equal(406);\n    done();\n}).catch(function(err){ done(err); });",
                  "err": {},
                  "uuid": "3877053f-b37b-4a43-bcd2-932066b09883",
                  "parentUUID": "65dc9361-c328-4efe-8304-e7850fb46ecf",
                  "isHook": false,
                  "skipped": false
                },
                {
                  "title": "[7]- Get UFs From Modules",
                  "fullTitle": "API /Module [7]- Get UFs From Modules",
                  "timedOut": false,
                  "duration": 7,
                  "state": "passed",
                  "speed": "fast",
                  "pass": true,
                  "fail": false,
                  "pending": false,
                  "context": null,
                  "code": "request.get(`/module/all/ufs`, token).then(function(res){\n    expect(res.status).to.equal(200);\n    expect(res.body.body[0]._id).to.equal(module_id);\n    //expect(res.body.body[0]._id).to.equal(uf.moduleId);\n    //expect(res.body.body[0].ufs[0]._id).to.equal(uf_id);\n    done();\n}).catch(function(err){ done(err); });",
                  "err": {},
                  "uuid": "a13cb3b3-26fd-4cee-9450-9b143e190417",
                  "parentUUID": "65dc9361-c328-4efe-8304-e7850fb46ecf",
                  "isHook": false,
                  "skipped": false
                },
                {
                  "title": "[8]- Archive Module",
                  "fullTitle": "API /Module [8]- Archive Module",
                  "timedOut": false,
                  "duration": 13,
                  "state": "passed",
                  "speed": "fast",
                  "pass": true,
                  "fail": false,
                  "pending": false,
                  "context": null,
                  "code": "request.edit(`/module/${module_id}/archive`, token, { archived: true }).then(function(res){\n    expect(res.body.body.archived).to.equal(true);\n    expect(res.status).to.equal(200);\n    done();\n}).catch(function(err){ done(err); });",
                  "err": {},
                  "uuid": "286d7c13-4658-4234-b3e4-b54128de3dba",
                  "parentUUID": "65dc9361-c328-4efe-8304-e7850fb46ecf",
                  "isHook": false,
                  "skipped": false
                },
                {
                  "title": "[9]- Get Archived Modules",
                  "fullTitle": "API /Module [9]- Get Archived Modules",
                  "timedOut": false,
                  "duration": 5,
                  "state": "passed",
                  "speed": "fast",
                  "pass": true,
                  "fail": false,
                  "pending": false,
                  "context": null,
                  "code": "request.get(`/module/all/archived`, token).then(function(res){\n    expect(res.status).to.equal(200);\n    done();\n}).catch(function(err){ done(err); });",
                  "err": {},
                  "uuid": "28bd0efd-9bd5-40ab-a108-a95a9982d40c",
                  "parentUUID": "65dc9361-c328-4efe-8304-e7850fb46ecf",
                  "isHook": false,
                  "skipped": false
                }
              ],
              "suites": [],
              "passes": [
                "221263ec-7f1a-4cf6-b195-93b997bbf857",
                "1291fffa-2888-48d7-9ac0-6733df57425f",
                "2baa71c9-2d46-490e-9e85-f47d1c182a95",
                "5b291b4f-dbf9-454b-b341-c9c5040b9ced",
                "f3df89fe-2526-4586-b010-bca9a3537c59",
                "3877053f-b37b-4a43-bcd2-932066b09883",
                "a13cb3b3-26fd-4cee-9450-9b143e190417",
                "286d7c13-4658-4234-b3e4-b54128de3dba",
                "28bd0efd-9bd5-40ab-a108-a95a9982d40c"
              ],
              "failures": [],
              "pending": [],
              "skipped": [],
              "duration": 61,
              "root": false,
              "rootEmpty": false,
              "_timeout": 2000
            },
            {
              "uuid": "0a1508c3-f5c2-43a4-8082-dc815f71e168",
              "title": "/Uf",
              "fullFile": "/home/school/api/test/test.js",
              "file": "/test/test.js",
              "beforeHooks": [
                {
                  "title": "\"before all\" hook in \"/Uf\"",
                  "fullTitle": "API /Uf \"before all\" hook in \"/Uf\"",
                  "timedOut": false,
                  "duration": 24,
                  "state": null,
                  "speed": null,
                  "pass": false,
                  "fail": false,
                  "pending": false,
                  "context": null,
                  "code": "await request.auth('/register', hooks.user).then(function (res) {\n    token = res.body.token;\n});\nawait request.post('/module', token, hooks.module).then(function (res) {\n    uf.moduleId = res.body.body._id;\n});",
                  "err": {},
                  "uuid": "f1aac8ac-a8cd-4736-bc8e-a4004d00a62d",
                  "parentUUID": "0a1508c3-f5c2-43a4-8082-dc815f71e168",
                  "isHook": true,
                  "skipped": false
                }
              ],
              "afterHooks": [
                {
                  "title": "\"after all\" hook in \"/Uf\"",
                  "fullTitle": "API /Uf \"after all\" hook in \"/Uf\"",
                  "timedOut": false,
                  "duration": 2,
                  "state": null,
                  "speed": null,
                  "pass": false,
                  "fail": false,
                  "pending": false,
                  "context": null,
                  "code": "await User.deleteMany({});\nawait Module.deleteMany({});\nawait Uf.deleteMany({});",
                  "err": {},
                  "uuid": "e96ca3a7-b484-4e34-99ee-e716da060389",
                  "parentUUID": "0a1508c3-f5c2-43a4-8082-dc815f71e168",
                  "isHook": true,
                  "skipped": false
                }
              ],
              "tests": [
                {
                  "title": "[1]- Create UF",
                  "fullTitle": "API /Uf [1]- Create UF",
                  "timedOut": false,
                  "duration": 11,
                  "state": "passed",
                  "speed": "fast",
                  "pass": true,
                  "fail": false,
                  "pending": false,
                  "context": null,
                  "code": "console.log(uf);\nrequest.post('/uf/create', token, uf).then(function (res) {\n    expect(res.status).to.equal(201);\n    uf_id = res.body.body._id;\n    done();\n}).catch(function (err) { done(err); });",
                  "err": {},
                  "uuid": "7b042539-2ad0-4329-a512-ec60e52a0a2f",
                  "parentUUID": "0a1508c3-f5c2-43a4-8082-dc815f71e168",
                  "isHook": false,
                  "skipped": false
                },
                {
                  "title": "[2]- Create UF Unauthorized",
                  "fullTitle": "API /Uf [2]- Create UF Unauthorized",
                  "timedOut": false,
                  "duration": 2,
                  "state": "passed",
                  "speed": "fast",
                  "pass": true,
                  "fail": false,
                  "pending": false,
                  "context": null,
                  "code": "request.post('/uf/create', {}, uf).then(function (res) {\n    expect(res.status).to.equal(401);\n    done();\n}).catch(function (err) { done(err); });",
                  "err": {},
                  "uuid": "0922ad0c-c3eb-4853-98a7-04f799a2e6c7",
                  "parentUUID": "0a1508c3-f5c2-43a4-8082-dc815f71e168",
                  "isHook": false,
                  "skipped": false
                },
                {
                  "title": "[3]- Invalid UF Schema ",
                  "fullTitle": "API /Uf [3]- Invalid UF Schema ",
                  "timedOut": false,
                  "duration": 3,
                  "state": "passed",
                  "speed": "fast",
                  "pass": true,
                  "fail": false,
                  "pending": false,
                  "context": null,
                  "code": "request.post('/uf/create', token, {}).then(function (res) {\n    expect(res.status).to.equal(406);\n    done();\n}).catch(function (err) { done(err); });",
                  "err": {},
                  "uuid": "1282e6c8-99b1-450e-bccf-fb296e0df622",
                  "parentUUID": "0a1508c3-f5c2-43a4-8082-dc815f71e168",
                  "isHook": false,
                  "skipped": false
                },
                {
                  "title": "[4]- Update UF",
                  "fullTitle": "API /Uf [4]- Update UF",
                  "timedOut": false,
                  "duration": 10,
                  "state": "passed",
                  "speed": "fast",
                  "pass": true,
                  "fail": false,
                  "pending": false,
                  "context": null,
                  "code": "uf.name = \"Edited\"\nrequest.edit(`/uf/${uf_id}/edit`, token, uf).then(function (res) {\n    expect(res.body.body.name).to.equal(\"Edited\");\n    expect(res.status).to.equal(200);\n    done();\n}).catch(function (err) { done(err); });",
                  "err": {},
                  "uuid": "8a63501b-a00c-4467-bc3f-33c96a777709",
                  "parentUUID": "0a1508c3-f5c2-43a4-8082-dc815f71e168",
                  "isHook": false,
                  "skipped": false
                },
                {
                  "title": "[5]- Get UF",
                  "fullTitle": "API /Uf [5]- Get UF",
                  "timedOut": false,
                  "duration": 8,
                  "state": "passed",
                  "speed": "fast",
                  "pass": true,
                  "fail": false,
                  "pending": false,
                  "context": null,
                  "code": "request.get(`/uf/${uf_id}`, token, uf).then(function (res) {\n    expect(res.status).to.equal(200);\n    done();\n}).catch(function (err) { done(err); });",
                  "err": {},
                  "uuid": "f2a84f82-c439-4cde-b847-8bea74e4db32",
                  "parentUUID": "0a1508c3-f5c2-43a4-8082-dc815f71e168",
                  "isHook": false,
                  "skipped": false
                },
                {
                  "title": "[6]- Get Invalid UF",
                  "fullTitle": "API /Uf [6]- Get Invalid UF",
                  "timedOut": false,
                  "duration": 4,
                  "state": "passed",
                  "speed": "fast",
                  "pass": true,
                  "fail": false,
                  "pending": false,
                  "context": null,
                  "code": "request.get(`/uf/${uf_id + \"0\"}`, token, uf).then(function (res) {\n    expect(res.status).to.equal(404);\n    done();\n}).catch(function (err) { done(err); });",
                  "err": {},
                  "uuid": "f92fe9f5-0c8b-429b-8a6f-bf24e14f5d7d",
                  "parentUUID": "0a1508c3-f5c2-43a4-8082-dc815f71e168",
                  "isHook": false,
                  "skipped": false
                },
                {
                  "title": "[7]- Create UF - Invalid Module",
                  "fullTitle": "API /Uf [7]- Create UF - Invalid Module",
                  "timedOut": false,
                  "duration": 5,
                  "state": "passed",
                  "speed": "fast",
                  "pass": true,
                  "fail": false,
                  "pending": false,
                  "context": null,
                  "code": "uf.moduleId = \"62575d1ddc2246861a6998e9\";\nrequest.post('/uf/create', token, uf).then(function (res) {\n    expect(res.status).to.equal(401);\n    done();\n}).catch(function (err) { done(err); });",
                  "err": {},
                  "uuid": "b3784d31-7747-4301-a6f2-9d4630d2a5c5",
                  "parentUUID": "0a1508c3-f5c2-43a4-8082-dc815f71e168",
                  "isHook": false,
                  "skipped": false
                }
              ],
              "suites": [],
              "passes": [
                "7b042539-2ad0-4329-a512-ec60e52a0a2f",
                "0922ad0c-c3eb-4853-98a7-04f799a2e6c7",
                "1282e6c8-99b1-450e-bccf-fb296e0df622",
                "8a63501b-a00c-4467-bc3f-33c96a777709",
                "f2a84f82-c439-4cde-b847-8bea74e4db32",
                "f92fe9f5-0c8b-429b-8a6f-bf24e14f5d7d",
                "b3784d31-7747-4301-a6f2-9d4630d2a5c5"
              ],
              "failures": [],
              "pending": [],
              "skipped": [],
              "duration": 43,
              "root": false,
              "rootEmpty": false,
              "_timeout": 2000
            },
            {
              "uuid": "a407ff20-2c79-4a8d-8324-5801d0f60247",
              "title": "/Task",
              "fullFile": "/home/school/api/test/test.js",
              "file": "/test/test.js",
              "beforeHooks": [
                {
                  "title": "\"before all\" hook in \"/Task\"",
                  "fullTitle": "API /Task \"before all\" hook in \"/Task\"",
                  "timedOut": false,
                  "duration": 37,
                  "state": null,
                  "speed": null,
                  "pass": false,
                  "fail": false,
                  "pending": false,
                  "context": null,
                  "code": "await request.auth('/register', hooks.user).then(function (res) {\n    token = res.body.token;\n});\nawait request.post('/module', token, hooks.module).then(function (res) {\n    uf.moduleId = res.body.body._id;\n});\nawait request.post('/uf/create', token, uf).then(function(res){\n    task.ufId = res.body.body._id;\n    rule.ufId = res.body.body._id;\n});\nawait request.post('/rule/create', token, rule).then(function(res){\n    task.ruleId = res.body.body._id;\n});",
                  "err": {},
                  "uuid": "a98c2a72-4c9b-438c-846f-757879ee6553",
                  "parentUUID": "a407ff20-2c79-4a8d-8324-5801d0f60247",
                  "isHook": true,
                  "skipped": false
                }
              ],
              "afterHooks": [
                {
                  "title": "\"after all\" hook in \"/Task\"",
                  "fullTitle": "API /Task \"after all\" hook in \"/Task\"",
                  "timedOut": false,
                  "duration": 3,
                  "state": null,
                  "speed": null,
                  "pass": false,
                  "fail": false,
                  "pending": false,
                  "context": null,
                  "code": "await User.deleteMany({});\nawait Module.deleteMany({});\nawait Uf.deleteMany({});\nawait Task.deleteMany({});",
                  "err": {},
                  "uuid": "1570c4d9-0b5b-41e5-8d1a-db86fbe64050",
                  "parentUUID": "a407ff20-2c79-4a8d-8324-5801d0f60247",
                  "isHook": true,
                  "skipped": false
                }
              ],
              "tests": [
                {
                  "title": "[1]- Create Task",
                  "fullTitle": "API /Task [1]- Create Task",
                  "timedOut": false,
                  "duration": 14,
                  "state": "passed",
                  "speed": "fast",
                  "pass": true,
                  "fail": false,
                  "pending": false,
                  "context": null,
                  "code": "request.post('/task/create', token, task).then(function (res) {\n    console.log(res.body);\n    expect(res.status).to.equal(201);\n    taskId = res.body.body._id;\n    done();\n}).catch(function (err) { done(err);  });",
                  "err": {},
                  "uuid": "1ee9952a-dd26-4181-bc20-05d49769e024",
                  "parentUUID": "a407ff20-2c79-4a8d-8324-5801d0f60247",
                  "isHook": false,
                  "skipped": false
                },
                {
                  "title": "[2]- Edit Task",
                  "fullTitle": "API /Task [2]- Edit Task",
                  "timedOut": false,
                  "duration": 11,
                  "state": "passed",
                  "speed": "fast",
                  "pass": true,
                  "fail": false,
                  "pending": false,
                  "context": null,
                  "code": "task.name = \"Edited\";\nrequest.edit(`/task/${taskId}/edit`, token, task).then(function (res) {\n    expect(res.body.body.name).to.equal(\"Edited\");\n    expect(res.status).to.equal(200);\n    done();\n}).catch(function (err) { done(err); });",
                  "err": {},
                  "uuid": "fcbfea15-f5f8-405e-a0ef-70a6b9ca5a84",
                  "parentUUID": "a407ff20-2c79-4a8d-8324-5801d0f60247",
                  "isHook": false,
                  "skipped": false
                },
                {
                  "title": "[3]- Get Task",
                  "fullTitle": "API /Task [3]- Get Task",
                  "timedOut": false,
                  "duration": 6,
                  "state": "passed",
                  "speed": "fast",
                  "pass": true,
                  "fail": false,
                  "pending": false,
                  "context": null,
                  "code": "request.get(`/task/${taskId}`, token, {}).then(function (res) {\n    expect(res.status).to.equal(200);\n    done();\n}).catch(function (err) { done(err); });",
                  "err": {},
                  "uuid": "6a8897f9-a7ae-459f-8f7f-e586aef4698a",
                  "parentUUID": "a407ff20-2c79-4a8d-8324-5801d0f60247",
                  "isHook": false,
                  "skipped": false
                },
                {
                  "title": "[4]- Create Invalid Schema Task",
                  "fullTitle": "API /Task [4]- Create Invalid Schema Task",
                  "timedOut": false,
                  "duration": 6,
                  "state": "passed",
                  "speed": "fast",
                  "pass": true,
                  "fail": false,
                  "pending": false,
                  "context": null,
                  "code": "request.post('/task/create', token, {}).then(function (res) {\n    expect(res.status).to.equal(406);\n    done();\n}).catch(function (err) { done(err); });",
                  "err": {},
                  "uuid": "77d26d38-43dd-49c4-8ede-f166acec4b91",
                  "parentUUID": "a407ff20-2c79-4a8d-8324-5801d0f60247",
                  "isHook": false,
                  "skipped": false
                },
                {
                  "title": "[5]- Update Invalid Schema Task",
                  "fullTitle": "API /Task [5]- Update Invalid Schema Task",
                  "timedOut": false,
                  "duration": 4,
                  "state": "passed",
                  "speed": "fast",
                  "pass": true,
                  "fail": false,
                  "pending": false,
                  "context": null,
                  "code": "request.edit(`/task/${taskId}/edit`, token, {}).then(function (res) {\n    expect(res.status).to.equal(406);\n    done();\n}).catch(function (err) { done(err); });",
                  "err": {},
                  "uuid": "ed499521-d281-472f-a518-0065081afcd2",
                  "parentUUID": "a407ff20-2c79-4a8d-8324-5801d0f60247",
                  "isHook": false,
                  "skipped": false
                },
                {
                  "title": "[6]- Create Invalid UfId Task",
                  "fullTitle": "API /Task [6]- Create Invalid UfId Task",
                  "timedOut": false,
                  "duration": 5,
                  "state": "passed",
                  "speed": "fast",
                  "pass": true,
                  "fail": false,
                  "pending": false,
                  "context": null,
                  "code": "let taskTemp = {\n    ufId: \"6259e3e95f71a80819cb020b\",\n    ruleId: task.rule,\n    name: task.name,\n    description: task.description,\n    grade: task.grade,\n    dueDate: task.dueDate\n};\nrequest.post(`/task/${taskId}`, token, taskTemp).then(function (res) {\n    expect(res.status).to.equal(404);\n    done();\n}).catch(function (err) { done(err); });",
                  "err": {},
                  "uuid": "ee28939f-adae-4dd6-af6c-22a1e896531b",
                  "parentUUID": "a407ff20-2c79-4a8d-8324-5801d0f60247",
                  "isHook": false,
                  "skipped": false
                },
                {
                  "title": "[6]- Delete Task",
                  "fullTitle": "API /Task [6]- Delete Task",
                  "timedOut": false,
                  "duration": 6,
                  "state": "passed",
                  "speed": "fast",
                  "pass": true,
                  "fail": false,
                  "pending": false,
                  "context": null,
                  "code": "request.delete(`/task/${taskId}/delete`, token, {}).then(function (res) {\n    expect(res.status).to.equal(200);\n    done();\n}).catch(function (err) { done(err); });",
                  "err": {},
                  "uuid": "06305cf5-565c-4d3d-aae6-fcb449dd20b8",
                  "parentUUID": "a407ff20-2c79-4a8d-8324-5801d0f60247",
                  "isHook": false,
                  "skipped": false
                },
                {
                  "title": "[7]- Delete Non Existent Task",
                  "fullTitle": "API /Task [7]- Delete Non Existent Task",
                  "timedOut": false,
                  "duration": 4,
                  "state": "passed",
                  "speed": "fast",
                  "pass": true,
                  "fail": false,
                  "pending": false,
                  "context": null,
                  "code": "request.delete(`/task/${taskId}/delete`, token, {}).then(function (res) {\n    expect(res.status).to.equal(500);\n    done();\n}).catch(function (err) { done(err); });",
                  "err": {},
                  "uuid": "a008cd0b-312b-4b03-826d-02f0f218ee2f",
                  "parentUUID": "a407ff20-2c79-4a8d-8324-5801d0f60247",
                  "isHook": false,
                  "skipped": false
                }
              ],
              "suites": [],
              "passes": [
                "1ee9952a-dd26-4181-bc20-05d49769e024",
                "fcbfea15-f5f8-405e-a0ef-70a6b9ca5a84",
                "6a8897f9-a7ae-459f-8f7f-e586aef4698a",
                "77d26d38-43dd-49c4-8ede-f166acec4b91",
                "ed499521-d281-472f-a518-0065081afcd2",
                "ee28939f-adae-4dd6-af6c-22a1e896531b",
                "06305cf5-565c-4d3d-aae6-fcb449dd20b8",
                "a008cd0b-312b-4b03-826d-02f0f218ee2f"
              ],
              "failures": [],
              "pending": [],
              "skipped": [],
              "duration": 56,
              "root": false,
              "rootEmpty": false,
              "_timeout": 2000
            },
            {
              "uuid": "851c5cf3-54ca-4fb5-882a-3fe3c16e5b93",
              "title": "/Truancy",
              "fullFile": "/home/school/api/test/test.js",
              "file": "/test/test.js",
              "beforeHooks": [
                {
                  "title": "\"before all\" hook in \"/Truancy\"",
                  "fullTitle": "API /Truancy \"before all\" hook in \"/Truancy\"",
                  "timedOut": false,
                  "duration": 38,
                  "state": null,
                  "speed": null,
                  "pass": false,
                  "fail": false,
                  "pending": false,
                  "context": null,
                  "code": "await request.auth('/register', hooks.user).then(function (res) {\n    token = res.body.token;\n});\nawait request.post('/module', token, hooks.module).then(function (res) {\n    moduleId = res.body.body._id;\n});\nawait request.post('/uf/create', token, {\n    moduleId: moduleId,\n    ...hooks.uf\n}).then(function (res) {\n    truancy.ufId = res.body.body._id;\n});",
                  "err": {},
                  "uuid": "851263f8-82e1-4b97-b22a-2d0b7db4b9e4",
                  "parentUUID": "851c5cf3-54ca-4fb5-882a-3fe3c16e5b93",
                  "isHook": true,
                  "skipped": false
                }
              ],
              "afterHooks": [
                {
                  "title": "\"after all\" hook in \"/Truancy\"",
                  "fullTitle": "API /Truancy \"after all\" hook in \"/Truancy\"",
                  "timedOut": false,
                  "duration": 3,
                  "state": null,
                  "speed": null,
                  "pass": false,
                  "fail": false,
                  "pending": false,
                  "context": null,
                  "code": "await User.deleteMany({});\nawait Module.deleteMany({});\nawait Uf.deleteMany({});\nawait Truancy.deleteMany({});",
                  "err": {},
                  "uuid": "5ecfd1e3-6389-4aaf-ae19-bd47a750a179",
                  "parentUUID": "851c5cf3-54ca-4fb5-882a-3fe3c16e5b93",
                  "isHook": true,
                  "skipped": false
                }
              ],
              "tests": [
                {
                  "title": "[1]- Create Truancy",
                  "fullTitle": "API /Truancy [1]- Create Truancy",
                  "timedOut": false,
                  "duration": 8,
                  "state": "passed",
                  "speed": "fast",
                  "pass": true,
                  "fail": false,
                  "pending": false,
                  "context": null,
                  "code": "request.post('/truancy/create', token, truancy).then(function (res) {\n    expect(res.status).to.equal(201);\n    truancyId = res.body.body._id;\n    done();\n}).catch(function (err) { done(err); });",
                  "err": {},
                  "uuid": "e8dba17b-4d69-4130-b9ad-448df68c25ed",
                  "parentUUID": "851c5cf3-54ca-4fb5-882a-3fe3c16e5b93",
                  "isHook": false,
                  "skipped": false
                },
                {
                  "title": "[2]- Create Truancy Unauthorized",
                  "fullTitle": "API /Truancy [2]- Create Truancy Unauthorized",
                  "timedOut": false,
                  "duration": 2,
                  "state": "passed",
                  "speed": "fast",
                  "pass": true,
                  "fail": false,
                  "pending": false,
                  "context": null,
                  "code": "request.post('/truancy/create', {}, truancy).then(function (res) {\n    expect(res.status).to.equal(401);\n    done();\n}).catch(function (err) { done(err); });",
                  "err": {},
                  "uuid": "900abfa5-e674-4494-b702-e35caf5607e1",
                  "parentUUID": "851c5cf3-54ca-4fb5-882a-3fe3c16e5b93",
                  "isHook": false,
                  "skipped": false
                },
                {
                  "title": "[3]- Update Truancy",
                  "fullTitle": "API /Truancy [3]- Update Truancy",
                  "timedOut": false,
                  "duration": 7,
                  "state": "passed",
                  "speed": "fast",
                  "pass": true,
                  "fail": false,
                  "pending": false,
                  "context": null,
                  "code": "truancy.reason = \"Edited\";\nrequest.edit(`/truancy/${truancyId}/edit`, token, truancy).then(function (res) {\n    expect(res.body.body.reason).to.equal(\"Edited\");\n    expect(res.status).to.equal(200);\n    done();\n}).catch(function (err) { done(err); });",
                  "err": {},
                  "uuid": "6f7a91b8-e065-46ca-895d-530f6f26258a",
                  "parentUUID": "851c5cf3-54ca-4fb5-882a-3fe3c16e5b93",
                  "isHook": false,
                  "skipped": false
                },
                {
                  "title": "[4]- Get Truancy",
                  "fullTitle": "API /Truancy [4]- Get Truancy",
                  "timedOut": false,
                  "duration": 5,
                  "state": "passed",
                  "speed": "fast",
                  "pass": true,
                  "fail": false,
                  "pending": false,
                  "context": null,
                  "code": "truancy.reason = \"Edited\";\nrequest.get(`/truancy/${truancyId}`, token, {}).then(function (res) {\n    expect(res.status).to.equal(200);\n    done();\n}).catch(function (err) { done(err); });",
                  "err": {},
                  "uuid": "80fde786-235a-48f1-af6f-3e39c039baae",
                  "parentUUID": "851c5cf3-54ca-4fb5-882a-3fe3c16e5b93",
                  "isHook": false,
                  "skipped": false
                },
                {
                  "title": "[5]- Update Invalid Schema Truancy",
                  "fullTitle": "API /Truancy [5]- Update Invalid Schema Truancy",
                  "timedOut": false,
                  "duration": 7,
                  "state": "passed",
                  "speed": "fast",
                  "pass": true,
                  "fail": false,
                  "pending": false,
                  "context": null,
                  "code": "request.edit(`/truancy/${truancyId}/edit`, token, {}).then(function (res) {\n    expect(res.status).to.equal(406);\n    done();\n}).catch(function (err) { done(err); });",
                  "err": {},
                  "uuid": "9d2cd5e6-7af4-44b0-9719-fe2996fe091a",
                  "parentUUID": "851c5cf3-54ca-4fb5-882a-3fe3c16e5b93",
                  "isHook": false,
                  "skipped": false
                },
                {
                  "title": "[6]- Delete Truancy",
                  "fullTitle": "API /Truancy [6]- Delete Truancy",
                  "timedOut": false,
                  "duration": 7,
                  "state": "passed",
                  "speed": "fast",
                  "pass": true,
                  "fail": false,
                  "pending": false,
                  "context": null,
                  "code": "request.delete(`/truancy/${truancyId}/delete`, token, {}).then(function (res) {\n    expect(res.status).to.equal(200);\n    done();\n}).catch(function (err) { done(err); });",
                  "err": {},
                  "uuid": "7efcef3e-d7b4-40b3-a06a-9abde405f401",
                  "parentUUID": "851c5cf3-54ca-4fb5-882a-3fe3c16e5b93",
                  "isHook": false,
                  "skipped": false
                },
                {
                  "title": "[7]- Get Truancy After Delete",
                  "fullTitle": "API /Truancy [7]- Get Truancy After Delete",
                  "timedOut": false,
                  "duration": 4,
                  "state": "passed",
                  "speed": "fast",
                  "pass": true,
                  "fail": false,
                  "pending": false,
                  "context": null,
                  "code": "request.delete(`/truancy/${truancyId}/delete`, token, {}).then(function (res) {\n    expect(res.status).to.equal(404);\n    done();\n}).catch(function (err) { done(err); });",
                  "err": {},
                  "uuid": "46998d0e-9298-4401-b4f5-a41169c5aca8",
                  "parentUUID": "851c5cf3-54ca-4fb5-882a-3fe3c16e5b93",
                  "isHook": false,
                  "skipped": false
                }
              ],
              "suites": [],
              "passes": [
                "e8dba17b-4d69-4130-b9ad-448df68c25ed",
                "900abfa5-e674-4494-b702-e35caf5607e1",
                "6f7a91b8-e065-46ca-895d-530f6f26258a",
                "80fde786-235a-48f1-af6f-3e39c039baae",
                "9d2cd5e6-7af4-44b0-9719-fe2996fe091a",
                "7efcef3e-d7b4-40b3-a06a-9abde405f401",
                "46998d0e-9298-4401-b4f5-a41169c5aca8"
              ],
              "failures": [],
              "pending": [],
              "skipped": [],
              "duration": 40,
              "root": false,
              "rootEmpty": false,
              "_timeout": 2000
            },
            {
              "uuid": "cd7ac74d-b0c2-49de-af05-1f8e6b424765",
              "title": "/Rule",
              "fullFile": "/home/school/api/test/test.js",
              "file": "/test/test.js",
              "beforeHooks": [
                {
                  "title": "\"before all\" hook in \"/Rule\"",
                  "fullTitle": "API /Rule \"before all\" hook in \"/Rule\"",
                  "timedOut": false,
                  "duration": 33,
                  "state": null,
                  "speed": null,
                  "pass": false,
                  "fail": false,
                  "pending": false,
                  "context": null,
                  "code": "await request.auth('/register', hooks.user).then(function (res) {\n    token = res.body.token;\n});\nawait request.post('/module', token, hooks.module).then(function (res) {\n    moduleId = res.body.body._id;\n});\nawait request.post('/uf/create', token, {\n    moduleId: moduleId,\n    ...hooks.uf\n}).then(function (res) {\n    rule.ufId = res.body.body._id;\n});",
                  "err": {},
                  "uuid": "c25edb0b-50ed-4db2-8fc6-7797f042b82b",
                  "parentUUID": "cd7ac74d-b0c2-49de-af05-1f8e6b424765",
                  "isHook": true,
                  "skipped": false
                }
              ],
              "afterHooks": [
                {
                  "title": "\"after all\" hook in \"/Rule\"",
                  "fullTitle": "API /Rule \"after all\" hook in \"/Rule\"",
                  "timedOut": false,
                  "duration": 3,
                  "state": null,
                  "speed": null,
                  "pass": false,
                  "fail": false,
                  "pending": false,
                  "context": null,
                  "code": "await User.deleteMany({});\nawait Module.deleteMany({});\nawait Uf.deleteMany({});\nawait Rule.deleteMany({});",
                  "err": {},
                  "uuid": "ecd603f4-e03d-47cf-8f4a-7f1c2d29b218",
                  "parentUUID": "cd7ac74d-b0c2-49de-af05-1f8e6b424765",
                  "isHook": true,
                  "skipped": false
                }
              ],
              "tests": [
                {
                  "title": "[1]- Create Rule",
                  "fullTitle": "API /Rule [1]- Create Rule",
                  "timedOut": false,
                  "duration": 4,
                  "state": "passed",
                  "speed": "fast",
                  "pass": true,
                  "fail": false,
                  "pending": false,
                  "context": null,
                  "code": "request.post('/rule/create', token, rule).then(function (res) {\n    expect(res.status).to.equal(201);\n    ruleId = res.body.body._id;\n    done();\n}).catch(function (err) { done(err); });",
                  "err": {},
                  "uuid": "eccebceb-8fc8-4c70-8ea2-48d2b1df2833",
                  "parentUUID": "cd7ac74d-b0c2-49de-af05-1f8e6b424765",
                  "isHook": false,
                  "skipped": false
                },
                {
                  "title": "[2]- Create Rule Unauthorized",
                  "fullTitle": "API /Rule [2]- Create Rule Unauthorized",
                  "timedOut": false,
                  "duration": 1,
                  "state": "passed",
                  "speed": "fast",
                  "pass": true,
                  "fail": false,
                  "pending": false,
                  "context": null,
                  "code": "request.post('/rule/create', {}, rule).then(function (res) {\n    expect(res.status).to.equal(401);\n    done();\n}).catch(function (err) { done(err); });",
                  "err": {},
                  "uuid": "1d2303d3-7ac9-4a88-8085-f5bd88ba4af3",
                  "parentUUID": "cd7ac74d-b0c2-49de-af05-1f8e6b424765",
                  "isHook": false,
                  "skipped": false
                },
                {
                  "title": "[3]- Update Rule",
                  "fullTitle": "API /Rule [3]- Update Rule",
                  "timedOut": false,
                  "duration": 6,
                  "state": "passed",
                  "speed": "fast",
                  "pass": true,
                  "fail": false,
                  "pending": false,
                  "context": null,
                  "code": "rule.title = \"Edited\";\nrequest.edit(`/rule/${ruleId}/edit`, token, rule).then(function (res) {\n    expect(res.body.body.title).to.equal(\"Edited\");\n    expect(res.status).to.equal(200);\n    done();\n}).catch(function (err) { done(err); });",
                  "err": {},
                  "uuid": "a6d97d89-8bea-4185-91e3-f6e282d19d1d",
                  "parentUUID": "cd7ac74d-b0c2-49de-af05-1f8e6b424765",
                  "isHook": false,
                  "skipped": false
                },
                {
                  "title": "[4]- Get Rule",
                  "fullTitle": "API /Rule [4]- Get Rule",
                  "timedOut": false,
                  "duration": 4,
                  "state": "passed",
                  "speed": "fast",
                  "pass": true,
                  "fail": false,
                  "pending": false,
                  "context": null,
                  "code": "request.get(`/rule/${ruleId}`, token, {}).then(function (res) {\n    expect(res.status).to.equal(200);\n    done();\n}).catch(function (err) { done(err); });",
                  "err": {},
                  "uuid": "fd6d00e6-0c96-4270-a220-b6e93aa10c0f",
                  "parentUUID": "cd7ac74d-b0c2-49de-af05-1f8e6b424765",
                  "isHook": false,
                  "skipped": false
                },
                {
                  "title": "[5]- Get Rules from UF",
                  "fullTitle": "API /Rule [5]- Get Rules from UF",
                  "timedOut": false,
                  "duration": 4,
                  "state": "passed",
                  "speed": "fast",
                  "pass": true,
                  "fail": false,
                  "pending": false,
                  "context": null,
                  "code": "request.get(`/rule/uf/${rule.ufId}`, token, {}).then(function (res) {\n    expect(res.status).to.equal(200);\n    done();\n}).catch(function (err) { done(err); });",
                  "err": {},
                  "uuid": "590f1f41-645e-4e4f-9d9c-456e56b4d718",
                  "parentUUID": "cd7ac74d-b0c2-49de-af05-1f8e6b424765",
                  "isHook": false,
                  "skipped": false
                },
                {
                  "title": "[5]- Update Invalid Schema Rule",
                  "fullTitle": "API /Rule [5]- Update Invalid Schema Rule",
                  "timedOut": false,
                  "duration": 4,
                  "state": "passed",
                  "speed": "fast",
                  "pass": true,
                  "fail": false,
                  "pending": false,
                  "context": null,
                  "code": "request.edit(`/rule/${ruleId}/edit`, token, {}).then(function (res) {\n    expect(res.status).to.equal(406);\n    done();\n}).catch(function (err) { done(err); });",
                  "err": {},
                  "uuid": "a863cd91-c09f-4e35-8f83-40c6efdd02dc",
                  "parentUUID": "cd7ac74d-b0c2-49de-af05-1f8e6b424765",
                  "isHook": false,
                  "skipped": false
                },
                {
                  "title": "[6]- Delete Rule",
                  "fullTitle": "API /Rule [6]- Delete Rule",
                  "timedOut": false,
                  "duration": 5,
                  "state": "passed",
                  "speed": "fast",
                  "pass": true,
                  "fail": false,
                  "pending": false,
                  "context": null,
                  "code": "request.delete(`/rule/${ruleId}/delete`, token, {}).then(function (res) {\n    expect(res.status).to.equal(200);\n    done();\n}).catch(function (err) { done(err); });",
                  "err": {},
                  "uuid": "63de7e76-e41c-41bf-b600-44a383922188",
                  "parentUUID": "cd7ac74d-b0c2-49de-af05-1f8e6b424765",
                  "isHook": false,
                  "skipped": false
                },
                {
                  "title": "[7]- Get Rule After Delete",
                  "fullTitle": "API /Rule [7]- Get Rule After Delete",
                  "timedOut": false,
                  "duration": 4,
                  "state": "passed",
                  "speed": "fast",
                  "pass": true,
                  "fail": false,
                  "pending": false,
                  "context": null,
                  "code": "request.delete(`/rule/${ruleId}/delete`, token, {}).then(function (res) {\n    expect(res.status).to.equal(404);\n    done();\n}).catch(function (err) { done(err); });",
                  "err": {},
                  "uuid": "6f6515e9-b0c0-4f72-ade9-a1883cc11db1",
                  "parentUUID": "cd7ac74d-b0c2-49de-af05-1f8e6b424765",
                  "isHook": false,
                  "skipped": false
                }
              ],
              "suites": [],
              "passes": [
                "eccebceb-8fc8-4c70-8ea2-48d2b1df2833",
                "1d2303d3-7ac9-4a88-8085-f5bd88ba4af3",
                "a6d97d89-8bea-4185-91e3-f6e282d19d1d",
                "fd6d00e6-0c96-4270-a220-b6e93aa10c0f",
                "590f1f41-645e-4e4f-9d9c-456e56b4d718",
                "a863cd91-c09f-4e35-8f83-40c6efdd02dc",
                "63de7e76-e41c-41bf-b600-44a383922188",
                "6f6515e9-b0c0-4f72-ade9-a1883cc11db1"
              ],
              "failures": [],
              "pending": [],
              "skipped": [],
              "duration": 32,
              "root": false,
              "rootEmpty": false,
              "_timeout": 2000
            }
          ],
          "passes": [],
          "failures": [],
          "pending": [],
          "skipped": [],
          "duration": 0,
          "root": false,
          "rootEmpty": false,
          "_timeout": 2000
        }
      ],
      "passes": [],
      "failures": [],
      "pending": [],
      "skipped": [],
      "duration": 0,
      "root": true,
      "rootEmpty": true,
      "_timeout": 2000
    }
  ],
  "meta": {
    "mocha": {
      "version": "9.2.2"
    },
    "mochawesome": {
      "options": {
        "quiet": false,
        "reportFilename": "mochawesome",
        "saveHtml": true,
        "saveJson": true,
        "consoleReporter": "spec",
        "useInlineDiffs": false,
        "code": true
      },
      "version": "7.1.3"
    },
    "marge": {
      "options": {
        "reportDir": "public"
      },
      "version": "6.2.0"
    }
  }
}