{
  "stats": {
    "suites": 8,
    "tests": 40,
    "passes": 40,
    "pending": 0,
    "failures": 0,
    "start": "2022-04-23T01:45:10.152Z",
    "end": "2022-04-23T01:45:12.708Z",
    "duration": 2556,
    "testsRegistered": 47,
    "passPercent": 85.1063829787234,
    "pendingPercent": 0,
    "other": 1,
    "hasOther": true,
    "skipped": 7,
    "hasSkipped": true
  },
  "results": [
    {
      "uuid": "3c6574fc-da5d-4bae-94f4-5030bc7fd1e5",
      "title": "",
      "fullFile": "/home/school/api/test/test.js",
      "file": "/test/test.js",
      "beforeHooks": [],
      "afterHooks": [],
      "tests": [],
      "suites": [
        {
          "uuid": "63f30472-4b05-4b16-b582-dcb25624e7b1",
          "title": "API",
          "fullFile": "/home/school/api/test/test.js",
          "file": "/test/test.js",
          "beforeHooks": [
            {
              "title": "\"before all\" hook in \"API\"",
              "fullTitle": "API \"before all\" hook in \"API\"",
              "timedOut": false,
              "duration": 26,
              "state": null,
              "speed": null,
              "pass": false,
              "fail": false,
              "pending": false,
              "context": null,
              "code": "mongoose.connect(URI_TEST, done)",
              "err": {},
              "uuid": "c503ff36-70d5-484b-9285-4db55d8a478b",
              "parentUUID": "63f30472-4b05-4b16-b582-dcb25624e7b1",
              "isHook": true,
              "skipped": false
            }
          ],
          "afterHooks": [],
          "tests": [],
          "suites": [
            {
              "uuid": "7d873087-29f2-4220-81b4-5d2dbff8962b",
              "title": "/Register",
              "fullFile": "/home/school/api/test/test.js",
              "file": "/test/test.js",
              "beforeHooks": [
                {
                  "title": "\"before each\" hook in \"/Register\"",
                  "fullTitle": "API /Register \"before each\" hook in \"/Register\"",
                  "timedOut": false,
                  "duration": 1,
                  "state": null,
                  "speed": null,
                  "pass": false,
                  "fail": false,
                  "pending": false,
                  "context": null,
                  "code": "await User.deleteMany({});",
                  "err": {},
                  "uuid": "c2aa2610-4065-4844-a8e2-9af488d668d8",
                  "parentUUID": "7d873087-29f2-4220-81b4-5d2dbff8962b",
                  "isHook": true,
                  "skipped": false
                }
              ],
              "afterHooks": [],
              "tests": [
                {
                  "title": "[1]- Register",
                  "fullTitle": "API /Register [1]- Register",
                  "timedOut": false,
                  "duration": 59,
                  "state": "passed",
                  "speed": "medium",
                  "pass": true,
                  "fail": false,
                  "pending": false,
                  "context": null,
                  "code": "request.auth('/register', hooks.user).then(function(res){\n    expect(res.status).to.equal(201);\n    done();\n}).catch(function(err){ done(err); });",
                  "err": {},
                  "uuid": "e3c84420-594c-4f78-819b-7d685f4208ae",
                  "parentUUID": "7d873087-29f2-4220-81b4-5d2dbff8962b",
                  "isHook": false,
                  "skipped": false
                },
                {
                  "title": "[2]- Invalid Schema",
                  "fullTitle": "API /Register [2]- Invalid Schema",
                  "timedOut": false,
                  "duration": 7,
                  "state": "passed",
                  "speed": "fast",
                  "pass": true,
                  "fail": false,
                  "pending": false,
                  "context": null,
                  "code": "request.auth('/register', {}).then(function(res){\n    expect(res.status).to.equal(406);\n    done();\n}).catch(function(err){ done(err); });",
                  "err": {},
                  "uuid": "396797dc-bedf-46c4-8846-6ad8e337f036",
                  "parentUUID": "7d873087-29f2-4220-81b4-5d2dbff8962b",
                  "isHook": false,
                  "skipped": false
                },
                {
                  "title": "[3]- Invalid Password Pattern",
                  "fullTitle": "API /Register [3]- Invalid Password Pattern",
                  "timedOut": false,
                  "duration": 3,
                  "state": "passed",
                  "speed": "fast",
                  "pass": true,
                  "fail": false,
                  "pending": false,
                  "context": null,
                  "code": "request.auth('/register', {\n    firstName: hooks.user.firstName,\n    lastName: hooks.user.lastName,\n    email: hooks.user.email,\n    password: \"abcdef1\"\n}).then(function(res){\n    expect(res.status).to.equal(406);\n    done();\n}).catch(function(err){ done(err); });",
                  "err": {},
                  "uuid": "1ec2418c-2f87-4a3a-a927-301168f30ae6",
                  "parentUUID": "7d873087-29f2-4220-81b4-5d2dbff8962b",
                  "isHook": false,
                  "skipped": false
                },
                {
                  "title": "[4]- Invalid Email Pattern",
                  "fullTitle": "API /Register [4]- Invalid Email Pattern",
                  "timedOut": false,
                  "duration": 4,
                  "state": "passed",
                  "speed": "fast",
                  "pass": true,
                  "fail": false,
                  "pending": false,
                  "context": null,
                  "code": "request.auth('/register', {\n    firstName: hooks.user.firstName,\n    lastName: hooks.user.lastName,\n    email: 'abcdef',\n    password: hooks.user.password\n}).then(function(res){\n    expect(res.status).to.equal(406);\n    done();\n}).catch(function(err){ done(err); });",
                  "err": {},
                  "uuid": "97d4bb1c-3ea2-422c-9363-b9b0615d4293",
                  "parentUUID": "7d873087-29f2-4220-81b4-5d2dbff8962b",
                  "isHook": false,
                  "skipped": false
                },
                {
                  "title": "[4]- Invalid First Name Pattern",
                  "fullTitle": "API /Register [4]- Invalid First Name Pattern",
                  "timedOut": false,
                  "duration": 3,
                  "state": "passed",
                  "speed": "fast",
                  "pass": true,
                  "fail": false,
                  "pending": false,
                  "context": null,
                  "code": "request.auth('/register', {\n    firstName: \"abc123\",\n    lastName: hooks.user.lastName,\n    email: hooks.user.email,\n    password: hooks.user.password\n}).then(function(res){\n    expect(res.status).to.equal(406);\n    done();\n}).catch(function(err){ done(err); });",
                  "err": {},
                  "uuid": "0750a77e-4bc1-4e08-a273-c1bb2e8bde83",
                  "parentUUID": "7d873087-29f2-4220-81b4-5d2dbff8962b",
                  "isHook": false,
                  "skipped": false
                },
                {
                  "title": "[5]- Invalid Last Name Pattern",
                  "fullTitle": "API /Register [5]- Invalid Last Name Pattern",
                  "timedOut": false,
                  "duration": 4,
                  "state": "passed",
                  "speed": "fast",
                  "pass": true,
                  "fail": false,
                  "pending": false,
                  "context": null,
                  "code": "request.auth('/register', {\n    firstName: hooks.user.firstName,\n    lastName: \"abc123\",\n    email: hooks.user.email,\n    password: hooks.user.password\n}).then(function(res){\n    expect(res.status).to.equal(406);\n    done();\n}).catch(function(err){ done(err); });",
                  "err": {},
                  "uuid": "92c0f96d-84b4-49bb-a22f-d57ab6188331",
                  "parentUUID": "7d873087-29f2-4220-81b4-5d2dbff8962b",
                  "isHook": false,
                  "skipped": false
                }
              ],
              "suites": [],
              "passes": [
                "e3c84420-594c-4f78-819b-7d685f4208ae",
                "396797dc-bedf-46c4-8846-6ad8e337f036",
                "1ec2418c-2f87-4a3a-a927-301168f30ae6",
                "97d4bb1c-3ea2-422c-9363-b9b0615d4293",
                "0750a77e-4bc1-4e08-a273-c1bb2e8bde83",
                "92c0f96d-84b4-49bb-a22f-d57ab6188331"
              ],
              "failures": [],
              "pending": [],
              "skipped": [],
              "duration": 80,
              "root": false,
              "rootEmpty": false,
              "_timeout": 2000
            },
            {
              "uuid": "d2c7bcdd-0f7b-45e1-a753-911e226a801f",
              "title": "/Login",
              "fullFile": "/home/school/api/test/test.js",
              "file": "/test/test.js",
              "beforeHooks": [
                {
                  "title": "\"before all\" hook in \"/Login\"",
                  "fullTitle": "API /Login \"before all\" hook in \"/Login\"",
                  "timedOut": false,
                  "duration": 1,
                  "state": null,
                  "speed": null,
                  "pass": false,
                  "fail": false,
                  "pending": false,
                  "context": null,
                  "code": "request.auth('/register', hooks.user).then();",
                  "err": {},
                  "uuid": "85597918-574f-42a8-a56c-ba07f3d760f7",
                  "parentUUID": "d2c7bcdd-0f7b-45e1-a753-911e226a801f",
                  "isHook": true,
                  "skipped": false
                }
              ],
              "afterHooks": [
                {
                  "title": "\"after all\" hook in \"/Login\"",
                  "fullTitle": "API /Login \"after all\" hook in \"/Login\"",
                  "timedOut": false,
                  "duration": 1,
                  "state": null,
                  "speed": null,
                  "pass": false,
                  "fail": false,
                  "pending": false,
                  "context": null,
                  "code": "await User.deleteMany({});",
                  "err": {},
                  "uuid": "63e220ee-f704-4ec2-9a82-2534f63cd354",
                  "parentUUID": "d2c7bcdd-0f7b-45e1-a753-911e226a801f",
                  "isHook": true,
                  "skipped": false
                }
              ],
              "tests": [
                {
                  "title": "[1]- Login",
                  "fullTitle": "API /Login [1]- Login",
                  "timedOut": false,
                  "duration": 38,
                  "state": "passed",
                  "speed": "medium",
                  "pass": true,
                  "fail": false,
                  "pending": false,
                  "context": null,
                  "code": "request.auth('/login', {\n    email: hooks.user.email,\n    password: hooks.user.password\n}).then(function(res){\n    expect(res.status).to.equal(202);\n    done();\n}).catch(function(err){ done(err); });",
                  "err": {},
                  "uuid": "4115d2e1-d61b-4b0b-92c2-b89f9cc35203",
                  "parentUUID": "d2c7bcdd-0f7b-45e1-a753-911e226a801f",
                  "isHook": false,
                  "skipped": false
                },
                {
                  "title": "[2]- Empty Schema",
                  "fullTitle": "API /Login [2]- Empty Schema",
                  "timedOut": false,
                  "duration": 2,
                  "state": "passed",
                  "speed": "fast",
                  "pass": true,
                  "fail": false,
                  "pending": false,
                  "context": null,
                  "code": "request.auth('/login', {}).then(function(res){\n    expect(res.status).to.equal(406);\n    done();\n}).catch(function(err){ done(err); });",
                  "err": {},
                  "uuid": "38a04c62-373c-45da-ba88-65325510773b",
                  "parentUUID": "d2c7bcdd-0f7b-45e1-a753-911e226a801f",
                  "isHook": false,
                  "skipped": false
                },
                {
                  "title": "[3]- Invalid Login",
                  "fullTitle": "API /Login [3]- Invalid Login",
                  "timedOut": false,
                  "duration": 3,
                  "state": "passed",
                  "speed": "fast",
                  "pass": true,
                  "fail": false,
                  "pending": false,
                  "context": null,
                  "code": "request.auth('/login', {\n    email: '123@123.com',\n    password: hooks.user.password\n}).then(function(res){\n    expect(res.status).to.equal(409);\n    done();\n}).catch(function(err){ done(err); });",
                  "err": {},
                  "uuid": "7e1c102e-c3db-45d1-8e69-30af3b24e2cb",
                  "parentUUID": "d2c7bcdd-0f7b-45e1-a753-911e226a801f",
                  "isHook": false,
                  "skipped": false
                },
                {
                  "title": "[4]- Invalid Fields",
                  "fullTitle": "API /Login [4]- Invalid Fields",
                  "timedOut": false,
                  "duration": 3,
                  "state": "passed",
                  "speed": "fast",
                  "pass": true,
                  "fail": false,
                  "pending": false,
                  "context": null,
                  "code": "request.auth('/login', {\n    firstName: hooks.user.firstName,\n    email: hooks.user.email,\n    password: hooks.user.password,\n}).then(function(res){\n    expect(res.status).to.equal(406);\n    done();\n}).catch(function(err){ done(err); });",
                  "err": {},
                  "uuid": "43ec9b30-0042-4f52-9389-8bdf0759974b",
                  "parentUUID": "d2c7bcdd-0f7b-45e1-a753-911e226a801f",
                  "isHook": false,
                  "skipped": false
                }
              ],
              "suites": [],
              "passes": [
                "4115d2e1-d61b-4b0b-92c2-b89f9cc35203",
                "38a04c62-373c-45da-ba88-65325510773b",
                "7e1c102e-c3db-45d1-8e69-30af3b24e2cb",
                "43ec9b30-0042-4f52-9389-8bdf0759974b"
              ],
              "failures": [],
              "pending": [],
              "skipped": [],
              "duration": 46,
              "root": false,
              "rootEmpty": false,
              "_timeout": 2000
            },
            {
              "uuid": "85e7e341-9b61-4e7b-a805-d3561e70df07",
              "title": "/Module",
              "fullFile": "/home/school/api/test/test.js",
              "file": "/test/test.js",
              "beforeHooks": [
                {
                  "title": "\"before all\" hook in \"/Module\"",
                  "fullTitle": "API /Module \"before all\" hook in \"/Module\"",
                  "timedOut": false,
                  "duration": 18,
                  "state": null,
                  "speed": null,
                  "pass": false,
                  "fail": false,
                  "pending": false,
                  "context": null,
                  "code": "await request.auth('/register', hooks.user).then(function(res){\n    token = res.body.token;\n});",
                  "err": {},
                  "uuid": "e1e6a4f9-5104-4513-a668-a62e1fb1bde4",
                  "parentUUID": "85e7e341-9b61-4e7b-a805-d3561e70df07",
                  "isHook": true,
                  "skipped": false
                }
              ],
              "afterHooks": [],
              "tests": [
                {
                  "title": "[1]- Create Module",
                  "fullTitle": "API /Module [1]- Create Module",
                  "timedOut": false,
                  "duration": 8,
                  "state": "passed",
                  "speed": "fast",
                  "pass": true,
                  "fail": false,
                  "pending": false,
                  "context": null,
                  "code": "request.post('/module', token, hooks.module).then(function(res){\n    expect(res.status).to.equal(201);\n    module_id = res.body.body._id;\n    done();\n\n}).catch(function(err){ done(err); });",
                  "err": {},
                  "uuid": "fa60f1d4-3d77-4ed9-910d-0779b0cfbf57",
                  "parentUUID": "85e7e341-9b61-4e7b-a805-d3561e70df07",
                  "isHook": false,
                  "skipped": false
                },
                {
                  "title": "[2]- Create Module Unauthorized",
                  "fullTitle": "API /Module [2]- Create Module Unauthorized",
                  "timedOut": false,
                  "duration": 2,
                  "state": "passed",
                  "speed": "fast",
                  "pass": true,
                  "fail": false,
                  "pending": false,
                  "context": null,
                  "code": "request.post('/module', token + \"00\", hooks.module).then(function(res){\n    expect(res.status).to.equal(401);\n    done();\n\n}).catch(function(err){ done(err); });",
                  "err": {},
                  "uuid": "f4dd5a08-e033-4fa0-b0fa-a4994d9fff37",
                  "parentUUID": "85e7e341-9b61-4e7b-a805-d3561e70df07",
                  "isHook": false,
                  "skipped": false
                },
                {
                  "title": "[3]- Invalid Schema",
                  "fullTitle": "API /Module [3]- Invalid Schema",
                  "timedOut": false,
                  "duration": 3,
                  "state": "passed",
                  "speed": "fast",
                  "pass": true,
                  "fail": false,
                  "pending": false,
                  "context": null,
                  "code": "request.post('/module', token, {}).then(function(res){\n    expect(res.status).to.equal(406);\n    done();\n\n}).catch(function(err){ done(err); });",
                  "err": {},
                  "uuid": "17b146ca-d62f-4c8c-a6ce-0bd278c25a99",
                  "parentUUID": "85e7e341-9b61-4e7b-a805-d3561e70df07",
                  "isHook": false,
                  "skipped": false
                },
                {
                  "title": "[4]- Archive Module",
                  "fullTitle": "API /Module [4]- Archive Module",
                  "timedOut": false,
                  "duration": 9,
                  "state": "passed",
                  "speed": "fast",
                  "pass": true,
                  "fail": false,
                  "pending": false,
                  "context": null,
                  "code": "request.edit(`/module/${module_id}/archive`, token, { archived: true }).then(function(res){\n    expect(res.body.body.archived).to.equal(true);\n    expect(res.status).to.equal(200);\n    done();\n\n}).catch(function(err){ done(err); });",
                  "err": {},
                  "uuid": "7112c3a1-aa9d-48a9-aaa7-ae8aacb9f74b",
                  "parentUUID": "85e7e341-9b61-4e7b-a805-d3561e70df07",
                  "isHook": false,
                  "skipped": false
                },
                {
                  "title": "[5]- Get Module",
                  "fullTitle": "API /Module [5]- Get Module",
                  "timedOut": false,
                  "duration": 6,
                  "state": "passed",
                  "speed": "fast",
                  "pass": true,
                  "fail": false,
                  "pending": false,
                  "context": null,
                  "code": "request.get(`/module/${module_id}`, token).then(function(res){\n    expect(res.status).to.equal(200);\n    done();\n}).catch(function(err){ done(err); });",
                  "err": {},
                  "uuid": "79c12650-c477-4d9a-9ed2-4da5a561f6f6",
                  "parentUUID": "85e7e341-9b61-4e7b-a805-d3561e70df07",
                  "isHook": false,
                  "skipped": false
                },
                {
                  "title": "[6]- Update Module",
                  "fullTitle": "API /Module [6]- Update Module",
                  "timedOut": false,
                  "duration": 7,
                  "state": "passed",
                  "speed": "fast",
                  "pass": true,
                  "fail": false,
                  "pending": false,
                  "context": null,
                  "code": "request.edit(`/module/${module_id}`, token, {\n    name: \"Edited\",\n    color: hooks.module.color\n}).then(function(res){\n    expect(res.body.body.name).to.equal(\"Edited\");\n    expect(res.status).to.equal(200);\n    done();\n}).catch(function(err){ done(err); });",
                  "err": {},
                  "uuid": "87944af2-aefe-4002-b24e-f013c7df58a1",
                  "parentUUID": "85e7e341-9b61-4e7b-a805-d3561e70df07",
                  "isHook": false,
                  "skipped": false
                },
                {
                  "title": "[7]- Invalid Update Module",
                  "fullTitle": "API /Module [7]- Invalid Update Module",
                  "timedOut": false,
                  "duration": 4,
                  "state": "passed",
                  "speed": "fast",
                  "pass": true,
                  "fail": false,
                  "pending": false,
                  "context": null,
                  "code": "request.edit(`/module/${module_id}`, token, {\n    name: \"\",\n    color: hooks.module.color\n}).then(function(res){\n    expect(res.status).to.equal(406);\n    done();\n}).catch(function(err){ done(err); });",
                  "err": {},
                  "uuid": "42c130f6-c3a7-47f2-8c22-a68f75f29c6a",
                  "parentUUID": "85e7e341-9b61-4e7b-a805-d3561e70df07",
                  "isHook": false,
                  "skipped": false
                }
              ],
              "suites": [],
              "passes": [
                "fa60f1d4-3d77-4ed9-910d-0779b0cfbf57",
                "f4dd5a08-e033-4fa0-b0fa-a4994d9fff37",
                "17b146ca-d62f-4c8c-a6ce-0bd278c25a99",
                "7112c3a1-aa9d-48a9-aaa7-ae8aacb9f74b",
                "79c12650-c477-4d9a-9ed2-4da5a561f6f6",
                "87944af2-aefe-4002-b24e-f013c7df58a1",
                "42c130f6-c3a7-47f2-8c22-a68f75f29c6a"
              ],
              "failures": [],
              "pending": [],
              "skipped": [],
              "duration": 39,
              "root": false,
              "rootEmpty": false,
              "_timeout": 2000
            },
            {
              "uuid": "22d56fab-b873-48b1-a111-805065f87803",
              "title": "/Uf",
              "fullFile": "/home/school/api/test/test.js",
              "file": "/test/test.js",
              "beforeHooks": [
                {
                  "title": "\"before all\" hook for \"[1]- Create UF\"",
                  "fullTitle": "API /Uf \"before all\" hook for \"[1]- Create UF\"",
                  "timedOut": true,
                  "duration": 2006,
                  "state": "failed",
                  "speed": null,
                  "pass": false,
                  "fail": true,
                  "pending": false,
                  "context": null,
                  "code": "await request.auth('/register', hooks.user).then(function (res) {\n    token = res.body.token;\n});\nawait request.post('/module', token, hooks.module).then(function (res) {\n    uf.moduleId = res.body.body._id;\n});",
                  "err": {
                    "message": "Error: Timeout of 2000ms exceeded. For async tests and hooks, ensure \"done()\" is called; if returning a Promise, ensure it resolves. (/home/school/api/test/test.js)",
                    "estack": "Error: Timeout of 2000ms exceeded. For async tests and hooks, ensure \"done()\" is called; if returning a Promise, ensure it resolves. (/home/school/api/test/test.js)\n    at listOnTimeout (internal/timers.js:554:17)\n    at processTimers (internal/timers.js:497:7)",
                    "diff": null
                  },
                  "uuid": "4df64458-a1b5-4cbe-9f0c-c5df11f29acb",
                  "parentUUID": "22d56fab-b873-48b1-a111-805065f87803",
                  "isHook": true,
                  "skipped": false
                }
              ],
              "afterHooks": [
                {
                  "title": "\"after all\" hook in \"/Uf\"",
                  "fullTitle": "API /Uf \"after all\" hook in \"/Uf\"",
                  "timedOut": false,
                  "duration": 5,
                  "state": null,
                  "speed": null,
                  "pass": false,
                  "fail": false,
                  "pending": false,
                  "context": null,
                  "code": "await User.deleteMany({});\nawait Module.deleteMany({});\nawait Uf.deleteMany({});",
                  "err": {},
                  "uuid": "9cda1077-465d-4eb3-94bc-c2f8bb992fba",
                  "parentUUID": "22d56fab-b873-48b1-a111-805065f87803",
                  "isHook": true,
                  "skipped": false
                }
              ],
              "tests": [
                {
                  "title": "[1]- Create UF",
                  "fullTitle": "API /Uf [1]- Create UF",
                  "timedOut": false,
                  "duration": 0,
                  "state": null,
                  "speed": null,
                  "pass": false,
                  "fail": false,
                  "pending": false,
                  "context": null,
                  "code": "request.post('/uf/create', token, uf).then(function (res) {\n    expect(res.status).to.equal(201);\n    uf_id = res.body.body._id;\n    done();\n}).catch(function (err) { done(err); });",
                  "err": {},
                  "uuid": "16f01d69-651f-486f-a84f-70bb6d7e2273",
                  "parentUUID": "22d56fab-b873-48b1-a111-805065f87803",
                  "isHook": false,
                  "skipped": true
                },
                {
                  "title": "[2]- Create UF Unauthorized",
                  "fullTitle": "API /Uf [2]- Create UF Unauthorized",
                  "timedOut": false,
                  "duration": 0,
                  "state": null,
                  "speed": null,
                  "pass": false,
                  "fail": false,
                  "pending": false,
                  "context": null,
                  "code": "request.post('/uf/create', {}, uf).then(function (res) {\n    expect(res.status).to.equal(401);\n    done();\n}).catch(function (err) { done(err); });",
                  "err": {},
                  "uuid": "6a1c7ca9-f422-4b40-8aa8-b27ac1ed5e6b",
                  "parentUUID": "22d56fab-b873-48b1-a111-805065f87803",
                  "isHook": false,
                  "skipped": true
                },
                {
                  "title": "[3]- Invalid UF Schema ",
                  "fullTitle": "API /Uf [3]- Invalid UF Schema ",
                  "timedOut": false,
                  "duration": 0,
                  "state": null,
                  "speed": null,
                  "pass": false,
                  "fail": false,
                  "pending": false,
                  "context": null,
                  "code": "request.post('/uf/create', token, {}).then(function (res) {\n    expect(res.status).to.equal(406);\n    done();\n}).catch(function (err) { done(err); });",
                  "err": {},
                  "uuid": "654edf2c-84e0-4bae-b277-8de4e65435b2",
                  "parentUUID": "22d56fab-b873-48b1-a111-805065f87803",
                  "isHook": false,
                  "skipped": true
                },
                {
                  "title": "[4]- Update UF",
                  "fullTitle": "API /Uf [4]- Update UF",
                  "timedOut": false,
                  "duration": 0,
                  "state": null,
                  "speed": null,
                  "pass": false,
                  "fail": false,
                  "pending": false,
                  "context": null,
                  "code": "uf.name = \"Edited\"\nrequest.edit(`/uf/${uf_id}/edit`, token, uf).then(function (res) {\n    expect(res.body.body.name).to.equal(\"Edited\");\n    expect(res.status).to.equal(200);\n    done();\n}).catch(function (err) { done(err); });",
                  "err": {},
                  "uuid": "fb227071-2ed6-4905-9f28-a60c531bce5e",
                  "parentUUID": "22d56fab-b873-48b1-a111-805065f87803",
                  "isHook": false,
                  "skipped": true
                },
                {
                  "title": "[5]- Get UF",
                  "fullTitle": "API /Uf [5]- Get UF",
                  "timedOut": false,
                  "duration": 0,
                  "state": null,
                  "speed": null,
                  "pass": false,
                  "fail": false,
                  "pending": false,
                  "context": null,
                  "code": "request.get(`/uf/${uf_id}`, token, uf).then(function (res) {\n    expect(res.status).to.equal(200);\n    done();\n}).catch(function (err) { done(err); });",
                  "err": {},
                  "uuid": "ccfcf586-3d5f-4f1a-89d5-b4947c5dec2b",
                  "parentUUID": "22d56fab-b873-48b1-a111-805065f87803",
                  "isHook": false,
                  "skipped": true
                },
                {
                  "title": "[6]- Get Invalid UF",
                  "fullTitle": "API /Uf [6]- Get Invalid UF",
                  "timedOut": false,
                  "duration": 0,
                  "state": null,
                  "speed": null,
                  "pass": false,
                  "fail": false,
                  "pending": false,
                  "context": null,
                  "code": "request.get(`/uf/${uf_id + \"0\"}`, token, uf).then(function (res) {\n    expect(res.status).to.equal(500);\n    done();\n}).catch(function (err) { done(err); });",
                  "err": {},
                  "uuid": "7e247106-f201-46ae-996e-96ae7649be4d",
                  "parentUUID": "22d56fab-b873-48b1-a111-805065f87803",
                  "isHook": false,
                  "skipped": true
                },
                {
                  "title": "[7]- Create UF - Invalid Module",
                  "fullTitle": "API /Uf [7]- Create UF - Invalid Module",
                  "timedOut": false,
                  "duration": 0,
                  "state": null,
                  "speed": null,
                  "pass": false,
                  "fail": false,
                  "pending": false,
                  "context": null,
                  "code": "uf.moduleId = \"62575d1ddc2246861a6998e9\";\nrequest.post('/uf/create', token, uf).then(function (res) {\n    expect(res.status).to.equal(500);\n    done();\n}).catch(function (err) { done(err); });",
                  "err": {},
                  "uuid": "a4bb7997-6f41-41b3-9643-adb2b9bb1a76",
                  "parentUUID": "22d56fab-b873-48b1-a111-805065f87803",
                  "isHook": false,
                  "skipped": true
                }
              ],
              "suites": [],
              "passes": [],
              "failures": [],
              "pending": [],
              "skipped": [
                "16f01d69-651f-486f-a84f-70bb6d7e2273",
                "6a1c7ca9-f422-4b40-8aa8-b27ac1ed5e6b",
                "654edf2c-84e0-4bae-b277-8de4e65435b2",
                "fb227071-2ed6-4905-9f28-a60c531bce5e",
                "ccfcf586-3d5f-4f1a-89d5-b4947c5dec2b",
                "7e247106-f201-46ae-996e-96ae7649be4d",
                "a4bb7997-6f41-41b3-9643-adb2b9bb1a76"
              ],
              "duration": 0,
              "root": false,
              "rootEmpty": false,
              "_timeout": 2000
            },
            {
              "uuid": "964bca5a-cee4-49d6-ae12-c54b33cdef0a",
              "title": "/Task",
              "fullFile": "/home/school/api/test/test.js",
              "file": "/test/test.js",
              "beforeHooks": [
                {
                  "title": "\"before all\" hook in \"/Task\"",
                  "fullTitle": "API /Task \"before all\" hook in \"/Task\"",
                  "timedOut": false,
                  "duration": 74,
                  "state": null,
                  "speed": null,
                  "pass": false,
                  "fail": false,
                  "pending": false,
                  "context": null,
                  "code": "await request.auth('/register', hooks.user).then(function (res) {\n    token = res.body.token;\n});\nawait request.post('/module', token, hooks.module).then(function (res) {\n    uf.moduleId = res.body.body._id;\n});\nawait request.post('/uf/create', token, uf).then(function(res){\n    task.ufId = res.body.body._id;\n});",
                  "err": {},
                  "uuid": "5cc26981-557f-4992-8328-a78a30929a51",
                  "parentUUID": "964bca5a-cee4-49d6-ae12-c54b33cdef0a",
                  "isHook": true,
                  "skipped": false
                }
              ],
              "afterHooks": [
                {
                  "title": "\"after all\" hook in \"/Task\"",
                  "fullTitle": "API /Task \"after all\" hook in \"/Task\"",
                  "timedOut": false,
                  "duration": 4,
                  "state": null,
                  "speed": null,
                  "pass": false,
                  "fail": false,
                  "pending": false,
                  "context": null,
                  "code": "await User.deleteMany({});\nawait Module.deleteMany({});\nawait Uf.deleteMany({});\nawait Task.deleteMany({});",
                  "err": {},
                  "uuid": "3d1403b8-f15d-451c-846b-74c6955143c0",
                  "parentUUID": "964bca5a-cee4-49d6-ae12-c54b33cdef0a",
                  "isHook": true,
                  "skipped": false
                }
              ],
              "tests": [
                {
                  "title": "[1]- Create Task",
                  "fullTitle": "API /Task [1]- Create Task",
                  "timedOut": false,
                  "duration": 14,
                  "state": "passed",
                  "speed": "fast",
                  "pass": true,
                  "fail": false,
                  "pending": false,
                  "context": null,
                  "code": "request.post('/task/create', token, task).then(function (res) {\n    expect(res.status).to.equal(201);\n    taskId = res.body.body._id;\n    done();\n}).catch(function (err) { done(err); });",
                  "err": {},
                  "uuid": "1f91ad99-5219-49d8-adf6-4d0842002614",
                  "parentUUID": "964bca5a-cee4-49d6-ae12-c54b33cdef0a",
                  "isHook": false,
                  "skipped": false
                },
                {
                  "title": "[2]- Edit Task",
                  "fullTitle": "API /Task [2]- Edit Task",
                  "timedOut": false,
                  "duration": 11,
                  "state": "passed",
                  "speed": "fast",
                  "pass": true,
                  "fail": false,
                  "pending": false,
                  "context": null,
                  "code": "task.name = \"Edited\";\nrequest.edit(`/task/${taskId}/edit`, token, task).then(function (res) {\n    expect(res.body.body.name).to.equal(\"Edited\");\n    expect(res.status).to.equal(200);\n    done();\n}).catch(function (err) { done(err); });",
                  "err": {},
                  "uuid": "19983ac5-fc11-4c72-8bab-373fb3f31d17",
                  "parentUUID": "964bca5a-cee4-49d6-ae12-c54b33cdef0a",
                  "isHook": false,
                  "skipped": false
                },
                {
                  "title": "[3]- Get Task",
                  "fullTitle": "API /Task [3]- Get Task",
                  "timedOut": false,
                  "duration": 5,
                  "state": "passed",
                  "speed": "fast",
                  "pass": true,
                  "fail": false,
                  "pending": false,
                  "context": null,
                  "code": "request.get(`/task/${taskId}`, token, {}).then(function (res) {\n    expect(res.status).to.equal(200);\n    done();\n}).catch(function (err) { done(err); });",
                  "err": {},
                  "uuid": "36e96c20-44f7-4995-bc86-f61e928ebfa9",
                  "parentUUID": "964bca5a-cee4-49d6-ae12-c54b33cdef0a",
                  "isHook": false,
                  "skipped": false
                },
                {
                  "title": "[4]- Create Invalid Schema Task",
                  "fullTitle": "API /Task [4]- Create Invalid Schema Task",
                  "timedOut": false,
                  "duration": 4,
                  "state": "passed",
                  "speed": "fast",
                  "pass": true,
                  "fail": false,
                  "pending": false,
                  "context": null,
                  "code": "request.post('/task/create', token, {}).then(function (res) {\n    expect(res.status).to.equal(406);\n    done();\n}).catch(function (err) { done(err); });",
                  "err": {},
                  "uuid": "191cd390-af73-4f08-83a9-815aadef7eb4",
                  "parentUUID": "964bca5a-cee4-49d6-ae12-c54b33cdef0a",
                  "isHook": false,
                  "skipped": false
                },
                {
                  "title": "[5]- Update Invalid Schema Task",
                  "fullTitle": "API /Task [5]- Update Invalid Schema Task",
                  "timedOut": false,
                  "duration": 4,
                  "state": "passed",
                  "speed": "fast",
                  "pass": true,
                  "fail": false,
                  "pending": false,
                  "context": null,
                  "code": "request.edit(`/task/${taskId}/edit`, token, {}).then(function (res) {\n    expect(res.status).to.equal(406);\n    done();\n}).catch(function (err) { done(err); });",
                  "err": {},
                  "uuid": "6de377ca-ada5-4d04-81fb-7408edfa3bb7",
                  "parentUUID": "964bca5a-cee4-49d6-ae12-c54b33cdef0a",
                  "isHook": false,
                  "skipped": false
                },
                {
                  "title": "[6]- Create Invalid UfId Task",
                  "fullTitle": "API /Task [6]- Create Invalid UfId Task",
                  "timedOut": false,
                  "duration": 5,
                  "state": "passed",
                  "speed": "fast",
                  "pass": true,
                  "fail": false,
                  "pending": false,
                  "context": null,
                  "code": "let taskTemp = {\n    ufId: \"6259e3e95f71a80819cb020b\",\n    name: task.name,\n    description: task.description,\n    grade: task.grade,\n    dueDate: task.dueDate\n};\n\nrequest.edit(`/task/${taskId}/edit`, token, taskTemp).then(function (res) {\n    expect(res.status).to.equal(404);\n    done();\n}).catch(function (err) { done(err); });",
                  "err": {},
                  "uuid": "f292d54d-e4d3-4778-b6cf-8544dba816a3",
                  "parentUUID": "964bca5a-cee4-49d6-ae12-c54b33cdef0a",
                  "isHook": false,
                  "skipped": false
                },
                {
                  "title": "[6]- Delete Task",
                  "fullTitle": "API /Task [6]- Delete Task",
                  "timedOut": false,
                  "duration": 5,
                  "state": "passed",
                  "speed": "fast",
                  "pass": true,
                  "fail": false,
                  "pending": false,
                  "context": null,
                  "code": "request.delete(`/task/${taskId}/delete`, token, {}).then(function (res) {\n    expect(res.status).to.equal(200);\n    done();\n}).catch(function (err) { done(err); });",
                  "err": {},
                  "uuid": "bdf5ea5d-6f47-4a76-9cfd-b9939c6d6431",
                  "parentUUID": "964bca5a-cee4-49d6-ae12-c54b33cdef0a",
                  "isHook": false,
                  "skipped": false
                },
                {
                  "title": "[7]- Delete Non Existent Task",
                  "fullTitle": "API /Task [7]- Delete Non Existent Task",
                  "timedOut": false,
                  "duration": 6,
                  "state": "passed",
                  "speed": "fast",
                  "pass": true,
                  "fail": false,
                  "pending": false,
                  "context": null,
                  "code": "request.delete(`/task/${taskId}/delete`, token, {}).then(function (res) {\n    console.log(res.body);\n    expect(res.status).to.equal(500);\n    done();\n}).catch(function (err) { done(err); });",
                  "err": {},
                  "uuid": "abbf66f2-7539-45d5-8505-e641605269fa",
                  "parentUUID": "964bca5a-cee4-49d6-ae12-c54b33cdef0a",
                  "isHook": false,
                  "skipped": false
                }
              ],
              "suites": [],
              "passes": [
                "1f91ad99-5219-49d8-adf6-4d0842002614",
                "19983ac5-fc11-4c72-8bab-373fb3f31d17",
                "36e96c20-44f7-4995-bc86-f61e928ebfa9",
                "191cd390-af73-4f08-83a9-815aadef7eb4",
                "6de377ca-ada5-4d04-81fb-7408edfa3bb7",
                "f292d54d-e4d3-4778-b6cf-8544dba816a3",
                "bdf5ea5d-6f47-4a76-9cfd-b9939c6d6431",
                "abbf66f2-7539-45d5-8505-e641605269fa"
              ],
              "failures": [],
              "pending": [],
              "skipped": [],
              "duration": 54,
              "root": false,
              "rootEmpty": false,
              "_timeout": 2000
            },
            {
              "uuid": "44eb8afc-910c-4a68-b39b-339c42bc3387",
              "title": "/Truancy",
              "fullFile": "/home/school/api/test/test.js",
              "file": "/test/test.js",
              "beforeHooks": [
                {
                  "title": "\"before all\" hook in \"/Truancy\"",
                  "fullTitle": "API /Truancy \"before all\" hook in \"/Truancy\"",
                  "timedOut": false,
                  "duration": 32,
                  "state": null,
                  "speed": null,
                  "pass": false,
                  "fail": false,
                  "pending": false,
                  "context": null,
                  "code": "await request.auth('/register', hooks.user).then(function (res) {\n    token = res.body.token;\n});\nawait request.post('/module', token, hooks.module).then(function (res) {\n    moduleId = res.body.body._id;\n});\nawait request.post('/uf/create', token, {\n    moduleId: moduleId,\n    ...hooks.uf\n}).then(function (res) {\n    truancy.ufId = res.body.body._id;\n});",
                  "err": {},
                  "uuid": "100d7501-e006-4734-a9be-9af32c135dcd",
                  "parentUUID": "44eb8afc-910c-4a68-b39b-339c42bc3387",
                  "isHook": true,
                  "skipped": false
                }
              ],
              "afterHooks": [
                {
                  "title": "\"after all\" hook in \"/Truancy\"",
                  "fullTitle": "API /Truancy \"after all\" hook in \"/Truancy\"",
                  "timedOut": false,
                  "duration": 3,
                  "state": null,
                  "speed": null,
                  "pass": false,
                  "fail": false,
                  "pending": false,
                  "context": null,
                  "code": "await User.deleteMany({});\nawait Module.deleteMany({});\nawait Uf.deleteMany({});\nawait Truancy.deleteMany({});",
                  "err": {},
                  "uuid": "a55f1367-792d-49ea-b105-07aa645af32b",
                  "parentUUID": "44eb8afc-910c-4a68-b39b-339c42bc3387",
                  "isHook": true,
                  "skipped": false
                }
              ],
              "tests": [
                {
                  "title": "[1]- Create Truancy",
                  "fullTitle": "API /Truancy [1]- Create Truancy",
                  "timedOut": false,
                  "duration": 6,
                  "state": "passed",
                  "speed": "fast",
                  "pass": true,
                  "fail": false,
                  "pending": false,
                  "context": null,
                  "code": "request.post('/truancy/create', token, truancy).then(function (res) {\n    expect(res.status).to.equal(201);\n    truancyId = res.body.body._id;\n    done();\n}).catch(function (err) { done(err); });",
                  "err": {},
                  "uuid": "436e0e48-2252-4353-9c2e-6dc2f4e013c4",
                  "parentUUID": "44eb8afc-910c-4a68-b39b-339c42bc3387",
                  "isHook": false,
                  "skipped": false
                },
                {
                  "title": "[2]- Create Truancy Unauthorized",
                  "fullTitle": "API /Truancy [2]- Create Truancy Unauthorized",
                  "timedOut": false,
                  "duration": 2,
                  "state": "passed",
                  "speed": "fast",
                  "pass": true,
                  "fail": false,
                  "pending": false,
                  "context": null,
                  "code": "request.post('/truancy/create', {}, truancy).then(function (res) {\n    expect(res.status).to.equal(401);\n    done();\n}).catch(function (err) { done(err); });",
                  "err": {},
                  "uuid": "57d0f9c6-a0c9-446d-813d-5fd39f012d85",
                  "parentUUID": "44eb8afc-910c-4a68-b39b-339c42bc3387",
                  "isHook": false,
                  "skipped": false
                },
                {
                  "title": "[3]- Update Truancy",
                  "fullTitle": "API /Truancy [3]- Update Truancy",
                  "timedOut": false,
                  "duration": 7,
                  "state": "passed",
                  "speed": "fast",
                  "pass": true,
                  "fail": false,
                  "pending": false,
                  "context": null,
                  "code": "truancy.reason = \"Edited\";\nrequest.edit(`/truancy/${truancyId}/edit`, token, truancy).then(function (res) {\n    expect(res.body.body.reason).to.equal(\"Edited\");\n    expect(res.status).to.equal(200);\n    done();\n}).catch(function (err) { done(err); });",
                  "err": {},
                  "uuid": "49b20da4-1d8c-48d4-8722-b28afd4e7796",
                  "parentUUID": "44eb8afc-910c-4a68-b39b-339c42bc3387",
                  "isHook": false,
                  "skipped": false
                },
                {
                  "title": "[4]- Get Truancy",
                  "fullTitle": "API /Truancy [4]- Get Truancy",
                  "timedOut": false,
                  "duration": 5,
                  "state": "passed",
                  "speed": "fast",
                  "pass": true,
                  "fail": false,
                  "pending": false,
                  "context": null,
                  "code": "truancy.reason = \"Edited\";\nrequest.get(`/truancy/${truancyId}`, token, {}).then(function (res) {\n    expect(res.status).to.equal(200);\n    done();\n}).catch(function (err) { done(err); });",
                  "err": {},
                  "uuid": "63743ef7-c35d-4e3f-97e3-9e68ff141fcf",
                  "parentUUID": "44eb8afc-910c-4a68-b39b-339c42bc3387",
                  "isHook": false,
                  "skipped": false
                },
                {
                  "title": "[5]- Update Invalid Schema Truancy",
                  "fullTitle": "API /Truancy [5]- Update Invalid Schema Truancy",
                  "timedOut": false,
                  "duration": 4,
                  "state": "passed",
                  "speed": "fast",
                  "pass": true,
                  "fail": false,
                  "pending": false,
                  "context": null,
                  "code": "request.edit(`/truancy/${truancyId}/edit`, token, {}).then(function (res) {\n    expect(res.status).to.equal(406);\n    done();\n}).catch(function (err) { done(err); });",
                  "err": {},
                  "uuid": "607ae358-2410-461f-97d1-0fcec469cc57",
                  "parentUUID": "44eb8afc-910c-4a68-b39b-339c42bc3387",
                  "isHook": false,
                  "skipped": false
                },
                {
                  "title": "[6]- Delete Truancy",
                  "fullTitle": "API /Truancy [6]- Delete Truancy",
                  "timedOut": false,
                  "duration": 6,
                  "state": "passed",
                  "speed": "fast",
                  "pass": true,
                  "fail": false,
                  "pending": false,
                  "context": null,
                  "code": "request.delete(`/truancy/${truancyId}/delete`, token, {}).then(function (res) {\n    expect(res.status).to.equal(200);\n    done();\n}).catch(function (err) { done(err); });",
                  "err": {},
                  "uuid": "16a6db7d-02c6-4f5c-a5fb-91f99a13fbee",
                  "parentUUID": "44eb8afc-910c-4a68-b39b-339c42bc3387",
                  "isHook": false,
                  "skipped": false
                },
                {
                  "title": "[7]- Get Truancy After Delete",
                  "fullTitle": "API /Truancy [7]- Get Truancy After Delete",
                  "timedOut": false,
                  "duration": 6,
                  "state": "passed",
                  "speed": "fast",
                  "pass": true,
                  "fail": false,
                  "pending": false,
                  "context": null,
                  "code": "request.delete(`/truancy/${truancyId}/delete`, token, {}).then(function (res) {\n    expect(res.status).to.equal(404);\n    done();\n}).catch(function (err) { done(err); });",
                  "err": {},
                  "uuid": "6f60e416-f0cd-4f6d-8195-1722cfc09f02",
                  "parentUUID": "44eb8afc-910c-4a68-b39b-339c42bc3387",
                  "isHook": false,
                  "skipped": false
                }
              ],
              "suites": [],
              "passes": [
                "436e0e48-2252-4353-9c2e-6dc2f4e013c4",
                "57d0f9c6-a0c9-446d-813d-5fd39f012d85",
                "49b20da4-1d8c-48d4-8722-b28afd4e7796",
                "63743ef7-c35d-4e3f-97e3-9e68ff141fcf",
                "607ae358-2410-461f-97d1-0fcec469cc57",
                "16a6db7d-02c6-4f5c-a5fb-91f99a13fbee",
                "6f60e416-f0cd-4f6d-8195-1722cfc09f02"
              ],
              "failures": [],
              "pending": [],
              "skipped": [],
              "duration": 36,
              "root": false,
              "rootEmpty": false,
              "_timeout": 2000
            },
            {
              "uuid": "16414cdf-b2cb-480d-8ef6-00460ac41b1e",
              "title": "/Rule",
              "fullFile": "/home/school/api/test/test.js",
              "file": "/test/test.js",
              "beforeHooks": [
                {
                  "title": "\"before all\" hook in \"/Rule\"",
                  "fullTitle": "API /Rule \"before all\" hook in \"/Rule\"",
                  "timedOut": false,
                  "duration": 29,
                  "state": null,
                  "speed": null,
                  "pass": false,
                  "fail": false,
                  "pending": false,
                  "context": null,
                  "code": "await request.auth('/register', hooks.user).then(function (res) {\n    token = res.body.token;\n});\nawait request.post('/module', token, hooks.module).then(function (res) {\n    moduleId = res.body.body._id;\n});\nawait request.post('/uf/create', token, {\n    moduleId: moduleId,\n    ...hooks.uf\n}).then(function (res) {\n    rule.ufId = res.body.body._id;\n});",
                  "err": {},
                  "uuid": "7f6671ce-5931-494c-ac09-439c6ab946b7",
                  "parentUUID": "16414cdf-b2cb-480d-8ef6-00460ac41b1e",
                  "isHook": true,
                  "skipped": false
                }
              ],
              "afterHooks": [
                {
                  "title": "\"after all\" hook in \"/Rule\"",
                  "fullTitle": "API /Rule \"after all\" hook in \"/Rule\"",
                  "timedOut": false,
                  "duration": 3,
                  "state": null,
                  "speed": null,
                  "pass": false,
                  "fail": false,
                  "pending": false,
                  "context": null,
                  "code": "await User.deleteMany({});\nawait Module.deleteMany({});\nawait Uf.deleteMany({});\nawait Rule.deleteMany({});",
                  "err": {},
                  "uuid": "3834922a-def3-4cd9-9f51-95d616d5264a",
                  "parentUUID": "16414cdf-b2cb-480d-8ef6-00460ac41b1e",
                  "isHook": true,
                  "skipped": false
                }
              ],
              "tests": [
                {
                  "title": "[1]- Create Rule",
                  "fullTitle": "API /Rule [1]- Create Rule",
                  "timedOut": false,
                  "duration": 6,
                  "state": "passed",
                  "speed": "fast",
                  "pass": true,
                  "fail": false,
                  "pending": false,
                  "context": null,
                  "code": "request.post('/rule/create', token, rule).then(function (res) {\n    expect(res.status).to.equal(201);\n    ruleId = res.body.body._id;\n    done();\n}).catch(function (err) { done(err); });",
                  "err": {},
                  "uuid": "6da0392a-1928-42b1-87b5-a7b9a5138047",
                  "parentUUID": "16414cdf-b2cb-480d-8ef6-00460ac41b1e",
                  "isHook": false,
                  "skipped": false
                },
                {
                  "title": "[2]- Create Rule Unauthorized",
                  "fullTitle": "API /Rule [2]- Create Rule Unauthorized",
                  "timedOut": false,
                  "duration": 2,
                  "state": "passed",
                  "speed": "fast",
                  "pass": true,
                  "fail": false,
                  "pending": false,
                  "context": null,
                  "code": "request.post('/rule/create', {}, rule).then(function (res) {\n    expect(res.status).to.equal(401);\n    done();\n}).catch(function (err) { done(err); });",
                  "err": {},
                  "uuid": "6ebb2574-ac40-4675-8f12-7420783eafec",
                  "parentUUID": "16414cdf-b2cb-480d-8ef6-00460ac41b1e",
                  "isHook": false,
                  "skipped": false
                },
                {
                  "title": "[3]- Update Rule",
                  "fullTitle": "API /Rule [3]- Update Rule",
                  "timedOut": false,
                  "duration": 8,
                  "state": "passed",
                  "speed": "fast",
                  "pass": true,
                  "fail": false,
                  "pending": false,
                  "context": null,
                  "code": "rule.title = \"Edited\";\nrequest.edit(`/rule/${ruleId}/edit`, token, rule).then(function (res) {\n    expect(res.body.body.title).to.equal(\"Edited\");\n    expect(res.status).to.equal(200);\n    done();\n}).catch(function (err) { done(err); });",
                  "err": {},
                  "uuid": "937dfb9e-3a46-41d2-97ef-342091bc8ba7",
                  "parentUUID": "16414cdf-b2cb-480d-8ef6-00460ac41b1e",
                  "isHook": false,
                  "skipped": false
                },
                {
                  "title": "[4]- Get Rule",
                  "fullTitle": "API /Rule [4]- Get Rule",
                  "timedOut": false,
                  "duration": 11,
                  "state": "passed",
                  "speed": "fast",
                  "pass": true,
                  "fail": false,
                  "pending": false,
                  "context": null,
                  "code": "request.get(`/rule/${ruleId}`, token, {}).then(function (res) {\n    expect(res.status).to.equal(200);\n    done();\n}).catch(function (err) { done(err); });",
                  "err": {},
                  "uuid": "4240a8e8-c504-482f-80f1-c37ce6dd46b1",
                  "parentUUID": "16414cdf-b2cb-480d-8ef6-00460ac41b1e",
                  "isHook": false,
                  "skipped": false
                },
                {
                  "title": "[5]- Get Rules from UF",
                  "fullTitle": "API /Rule [5]- Get Rules from UF",
                  "timedOut": false,
                  "duration": 12,
                  "state": "passed",
                  "speed": "fast",
                  "pass": true,
                  "fail": false,
                  "pending": false,
                  "context": null,
                  "code": "request.get(`/rule/uf/${rule.ufId}`, token, {}).then(function (res) {\n    expect(res.status).to.equal(200);\n    done();\n}).catch(function (err) { done(err); });",
                  "err": {},
                  "uuid": "471f10ff-2330-4ebc-8c6c-f362a346f9d0",
                  "parentUUID": "16414cdf-b2cb-480d-8ef6-00460ac41b1e",
                  "isHook": false,
                  "skipped": false
                },
                {
                  "title": "[5]- Update Invalid Schema Rule",
                  "fullTitle": "API /Rule [5]- Update Invalid Schema Rule",
                  "timedOut": false,
                  "duration": 3,
                  "state": "passed",
                  "speed": "fast",
                  "pass": true,
                  "fail": false,
                  "pending": false,
                  "context": null,
                  "code": "request.edit(`/rule/${ruleId}/edit`, token, {}).then(function (res) {\n    expect(res.status).to.equal(406);\n    done();\n}).catch(function (err) { done(err); });",
                  "err": {},
                  "uuid": "d16b23d7-28b2-4b2d-83ee-f4ca2bc28a9e",
                  "parentUUID": "16414cdf-b2cb-480d-8ef6-00460ac41b1e",
                  "isHook": false,
                  "skipped": false
                },
                {
                  "title": "[6]- Delete Rule",
                  "fullTitle": "API /Rule [6]- Delete Rule",
                  "timedOut": false,
                  "duration": 4,
                  "state": "passed",
                  "speed": "fast",
                  "pass": true,
                  "fail": false,
                  "pending": false,
                  "context": null,
                  "code": "request.delete(`/rule/${ruleId}/delete`, token, {}).then(function (res) {\n    expect(res.status).to.equal(200);\n    done();\n}).catch(function (err) { done(err); });",
                  "err": {},
                  "uuid": "531313d1-3cbf-42f7-884e-06df98d4f17e",
                  "parentUUID": "16414cdf-b2cb-480d-8ef6-00460ac41b1e",
                  "isHook": false,
                  "skipped": false
                },
                {
                  "title": "[7]- Get Rule After Delete",
                  "fullTitle": "API /Rule [7]- Get Rule After Delete",
                  "timedOut": false,
                  "duration": 4,
                  "state": "passed",
                  "speed": "fast",
                  "pass": true,
                  "fail": false,
                  "pending": false,
                  "context": null,
                  "code": "request.delete(`/rule/${ruleId}/delete`, token, {}).then(function (res) {\n    expect(res.status).to.equal(404);\n    done();\n}).catch(function (err) { done(err); });",
                  "err": {},
                  "uuid": "fb958969-13e4-4716-b34a-6eb42aa8f162",
                  "parentUUID": "16414cdf-b2cb-480d-8ef6-00460ac41b1e",
                  "isHook": false,
                  "skipped": false
                }
              ],
              "suites": [],
              "passes": [
                "6da0392a-1928-42b1-87b5-a7b9a5138047",
                "6ebb2574-ac40-4675-8f12-7420783eafec",
                "937dfb9e-3a46-41d2-97ef-342091bc8ba7",
                "4240a8e8-c504-482f-80f1-c37ce6dd46b1",
                "471f10ff-2330-4ebc-8c6c-f362a346f9d0",
                "d16b23d7-28b2-4b2d-83ee-f4ca2bc28a9e",
                "531313d1-3cbf-42f7-884e-06df98d4f17e",
                "fb958969-13e4-4716-b34a-6eb42aa8f162"
              ],
              "failures": [],
              "pending": [],
              "skipped": [],
              "duration": 50,
              "root": false,
              "rootEmpty": false,
              "_timeout": 2000
            }
          ],
          "passes": [],
          "failures": [],
          "pending": [],
          "skipped": [],
          "duration": 0,
          "root": false,
          "rootEmpty": false,
          "_timeout": 2000
        }
      ],
      "passes": [],
      "failures": [],
      "pending": [],
      "skipped": [],
      "duration": 0,
      "root": true,
      "rootEmpty": true,
      "_timeout": 2000
    }
  ],
  "meta": {
    "mocha": {
      "version": "9.2.2"
    },
    "mochawesome": {
      "options": {
        "quiet": false,
        "reportFilename": "mochawesome",
        "saveHtml": true,
        "saveJson": true,
        "consoleReporter": "spec",
        "useInlineDiffs": false,
        "code": true
      },
      "version": "7.1.3"
    },
    "marge": {
      "options": null,
      "version": "6.2.0"
    }
  }
}